 ORDEM 3.1.2 -  ORDEM Spacecraft Mode
 Debris Flux (#/m^2/yr/deg)
  Year: 2042  a =   7478.135  e =  0.000000  inc =   51.60
 *
 *
 *
 *
 *
 *
 *
  Az 1    Az 2    >10um      >100um     >1mm       >1cm       >10cm      >1m
 ------  ------   --------   --------   --------   --------   --------   --------  
   Min.:          2.05E-01   2.35E-03   2.52E-06   5.20E-10   1.25E-11   3.93E-12
   Max.:          2.93E+02   6.36E+00   8.94E-03   5.31E-07   2.57E-08   6.97E-09
 ------  ------   --------   --------   --------   --------   --------   --------  
  -180    -179    2.05E-01   2.35E-03   2.52E-06   1.38E-09   1.33E-11   3.93E-12
  -179    -178    2.05E-01   2.35E-03   2.52E-06   1.38E-09   1.33E-11   3.93E-12
  -178    -177    2.05E-01   2.35E-03   2.52E-06   1.38E-09   1.33E-11   3.93E-12
  -177    -176    2.05E-01   2.35E-03   2.52E-06   1.38E-09   1.33E-11   3.93E-12
  -176    -175    2.05E-01   2.35E-03   2.52E-06   1.38E-09   1.33E-11   3.93E-12
  -175    -174    2.05E-01   2.35E-03   2.52E-06   1.38E-09   1.33E-11   3.93E-12
  -174    -173    2.05E-01   2.35E-03   2.52E-06   1.38E-09   1.33E-11   3.93E-12
  -173    -172    2.05E-01   2.35E-03   2.52E-06   1.38E-09   1.33E-11   3.93E-12
  -172    -171    2.05E-01   2.35E-03   2.52E-06   1.38E-09   1.33E-11   3.93E-12
  -171    -170    2.05E-01   2.35E-03   2.52E-06   1.38E-09   1.33E-11   3.93E-12
  -170    -169    3.90E-01   6.54E-03   7.61E-06   7.61E-10   1.73E-11   1.03E-11
  -169    -168    3.90E-01   6.54E-03   7.61E-06   7.61E-10   1.73E-11   1.03E-11
  -168    -167    3.90E-01   6.54E-03   7.61E-06   7.61E-10   1.73E-11   1.03E-11
  -167    -166    3.90E-01   6.54E-03   7.61E-06   7.61E-10   1.73E-11   1.03E-11
  -166    -165    3.90E-01   6.54E-03   7.61E-06   7.61E-10   1.73E-11   1.03E-11
  -165    -164    3.90E-01   6.54E-03   7.61E-06   7.61E-10   1.73E-11   1.03E-11
  -164    -163    3.90E-01   6.54E-03   7.61E-06   7.61E-10   1.73E-11   1.03E-11
  -163    -162    3.90E-01   6.54E-03   7.61E-06   7.61E-10   1.73E-11   1.03E-11
  -162    -161    3.90E-01   6.54E-03   7.61E-06   7.61E-10   1.73E-11   1.03E-11
  -161    -160    3.90E-01   6.54E-03   7.61E-06   7.61E-10   1.73E-11   1.03E-11
  -160    -159    4.76E-01   5.58E-03   8.29E-06   5.57E-10   1.36E-11   8.53E-12
  -159    -158    4.76E-01   5.58E-03   8.29E-06   5.57E-10   1.36E-11   8.53E-12
  -158    -157    4.76E-01   5.58E-03   8.29E-06   5.57E-10   1.36E-11   8.53E-12
  -157    -156    4.76E-01   5.58E-03   8.29E-06   5.57E-10   1.36E-11   8.53E-12
  -156    -155    4.76E-01   5.58E-03   8.29E-06   5.57E-10   1.36E-11   8.53E-12
  -155    -154    4.76E-01   5.58E-03   8.29E-06   5.57E-10   1.36E-11   8.53E-12
  -154    -153    4.76E-01   5.58E-03   8.29E-06   5.57E-10   1.36E-11   8.53E-12
  -153    -152    4.76E-01   5.58E-03   8.29E-06   5.57E-10   1.36E-11   8.53E-12
  -152    -151    4.76E-01   5.58E-03   8.29E-06   5.57E-10   1.36E-11   8.53E-12
  -151    -150    4.76E-01   5.58E-03   8.29E-06   5.57E-10   1.36E-11   8.53E-12
  -150    -149    5.21E-01   4.99E-03   7.65E-06   5.20E-10   1.25E-11   8.07E-12
  -149    -148    5.21E-01   4.99E-03   7.65E-06   5.20E-10   1.25E-11   8.07E-12
  -148    -147    5.21E-01   4.99E-03   7.65E-06   5.20E-10   1.25E-11   8.07E-12
  -147    -146    5.21E-01   4.99E-03   7.65E-06   5.20E-10   1.25E-11   8.07E-12
  -146    -145    5.21E-01   4.99E-03   7.65E-06   5.20E-10   1.25E-11   8.07E-12
  -145    -144    5.21E-01   4.99E-03   7.65E-06   5.20E-10   1.25E-11   8.07E-12
  -144    -143    5.21E-01   4.99E-03   7.65E-06   5.20E-10   1.25E-11   8.07E-12
  -143    -142    5.21E-01   4.99E-03   7.65E-06   5.20E-10   1.25E-11   8.07E-12
  -142    -141    5.21E-01   4.99E-03   7.65E-06   5.20E-10   1.25E-11   8.07E-12
  -141    -140    5.21E-01   4.99E-03   7.65E-06   5.20E-10   1.25E-11   8.07E-12
  -140    -139    5.81E-01   5.60E-03   9.06E-06   6.95E-10   1.35E-11   8.07E-12
  -139    -138    5.81E-01   5.60E-03   9.06E-06   6.95E-10   1.35E-11   8.07E-12
  -138    -137    5.81E-01   5.60E-03   9.06E-06   6.95E-10   1.35E-11   8.07E-12
  -137    -136    5.81E-01   5.60E-03   9.06E-06   6.95E-10   1.35E-11   8.07E-12
  -136    -135    5.81E-01   5.60E-03   9.06E-06   6.95E-10   1.35E-11   8.07E-12
  -135    -134    5.81E-01   5.60E-03   9.06E-06   6.95E-10   1.35E-11   8.07E-12
  -134    -133    5.81E-01   5.60E-03   9.06E-06   6.95E-10   1.35E-11   8.07E-12
  -133    -132    5.81E-01   5.60E-03   9.06E-06   6.95E-10   1.35E-11   8.07E-12
  -132    -131    5.81E-01   5.60E-03   9.06E-06   6.95E-10   1.35E-11   8.07E-12
  -131    -130    5.81E-01   5.60E-03   9.06E-06   6.95E-10   1.35E-11   8.07E-12
  -130    -129    6.92E-01   6.99E-03   9.90E-06   1.19E-09   2.18E-11   9.32E-12
  -129    -128    6.92E-01   6.99E-03   9.90E-06   1.19E-09   2.18E-11   9.32E-12
  -128    -127    6.92E-01   6.99E-03   9.90E-06   1.19E-09   2.18E-11   9.32E-12
  -127    -126    6.92E-01   6.99E-03   9.90E-06   1.19E-09   2.18E-11   9.32E-12
  -126    -125    6.92E-01   6.99E-03   9.90E-06   1.19E-09   2.18E-11   9.32E-12
  -125    -124    6.92E-01   6.99E-03   9.90E-06   1.19E-09   2.18E-11   9.32E-12
  -124    -123    6.92E-01   6.99E-03   9.90E-06   1.19E-09   2.18E-11   9.32E-12
  -123    -122    6.92E-01   6.99E-03   9.90E-06   1.19E-09   2.18E-11   9.32E-12
  -122    -121    6.92E-01   6.99E-03   9.90E-06   1.19E-09   2.18E-11   9.32E-12
  -121    -120    6.92E-01   6.99E-03   9.90E-06   1.19E-09   2.18E-11   9.32E-12
  -120    -119    9.33E-01   8.64E-03   1.09E-05   2.48E-09   4.28E-11   1.38E-11
  -119    -118    9.33E-01   8.64E-03   1.09E-05   2.48E-09   4.28E-11   1.38E-11
  -118    -117    9.33E-01   8.64E-03   1.09E-05   2.48E-09   4.28E-11   1.38E-11
  -117    -116    9.33E-01   8.64E-03   1.09E-05   2.48E-09   4.28E-11   1.38E-11
  -116    -115    9.33E-01   8.64E-03   1.09E-05   2.48E-09   4.28E-11   1.38E-11
  -115    -114    9.33E-01   8.64E-03   1.09E-05   2.48E-09   4.28E-11   1.38E-11
  -114    -113    9.33E-01   8.64E-03   1.09E-05   2.48E-09   4.28E-11   1.38E-11
  -113    -112    9.33E-01   8.64E-03   1.09E-05   2.48E-09   4.28E-11   1.38E-11
  -112    -111    9.33E-01   8.64E-03   1.09E-05   2.48E-09   4.28E-11   1.38E-11
  -111    -110    9.33E-01   8.64E-03   1.09E-05   2.48E-09   4.28E-11   1.38E-11
  -110    -109    1.65E+00   1.40E-02   2.06E-05   3.46E-09   6.06E-11   1.81E-11
  -109    -108    1.65E+00   1.40E-02   2.06E-05   3.46E-09   6.06E-11   1.81E-11
  -108    -107    1.65E+00   1.40E-02   2.06E-05   3.46E-09   6.06E-11   1.81E-11
  -107    -106    1.65E+00   1.40E-02   2.06E-05   3.46E-09   6.06E-11   1.81E-11
  -106    -105    1.65E+00   1.40E-02   2.06E-05   3.46E-09   6.06E-11   1.81E-11
  -105    -104    1.65E+00   1.40E-02   2.06E-05   3.46E-09   6.06E-11   1.81E-11
  -104    -103    1.65E+00   1.40E-02   2.06E-05   3.46E-09   6.06E-11   1.81E-11
  -103    -102    1.65E+00   1.40E-02   2.06E-05   3.46E-09   6.06E-11   1.81E-11
  -102    -101    1.65E+00   1.40E-02   2.06E-05   3.46E-09   6.06E-11   1.81E-11
  -101    -100    1.65E+00   1.40E-02   2.06E-05   3.46E-09   6.06E-11   1.81E-11
  -100     -99    4.99E+00   5.10E-02   7.41E-05   7.02E-09   1.21E-10   3.62E-11
   -99     -98    4.99E+00   5.10E-02   7.41E-05   7.02E-09   1.21E-10   3.62E-11
   -98     -97    4.99E+00   5.10E-02   7.41E-05   7.02E-09   1.21E-10   3.62E-11
   -97     -96    4.99E+00   5.10E-02   7.41E-05   7.02E-09   1.21E-10   3.62E-11
   -96     -95    4.99E+00   5.10E-02   7.41E-05   7.02E-09   1.21E-10   3.62E-11
   -95     -94    4.99E+00   5.10E-02   7.41E-05   7.02E-09   1.21E-10   3.62E-11
   -94     -93    4.99E+00   5.10E-02   7.41E-05   7.02E-09   1.21E-10   3.62E-11
   -93     -92    4.99E+00   5.10E-02   7.41E-05   7.02E-09   1.21E-10   3.62E-11
   -92     -91    4.99E+00   5.10E-02   7.41E-05   7.02E-09   1.21E-10   3.62E-11
   -91     -90    4.99E+00   5.10E-02   7.41E-05   7.02E-09   1.21E-10   3.62E-11
   -90     -89    4.32E+01   7.81E-01   1.67E-03   3.16E-08   2.55E-09   1.18E-09
   -89     -88    4.32E+01   7.81E-01   1.67E-03   3.16E-08   2.55E-09   1.18E-09
   -88     -87    4.32E+01   7.81E-01   1.67E-03   3.16E-08   2.55E-09   1.18E-09
   -87     -86    4.32E+01   7.81E-01   1.67E-03   3.16E-08   2.55E-09   1.18E-09
   -86     -85    4.32E+01   7.81E-01   1.67E-03   3.16E-08   2.55E-09   1.18E-09
   -85     -84    4.32E+01   7.81E-01   1.67E-03   3.16E-08   2.55E-09   1.18E-09
   -84     -83    4.32E+01   7.81E-01   1.67E-03   3.16E-08   2.55E-09   1.18E-09
   -83     -82    4.32E+01   7.81E-01   1.67E-03   3.16E-08   2.55E-09   1.18E-09
   -82     -81    4.32E+01   7.81E-01   1.67E-03   3.16E-08   2.55E-09   1.18E-09
   -81     -80    4.32E+01   7.81E-01   1.67E-03   3.16E-08   2.55E-09   1.18E-09
   -80     -79    1.38E+02   3.14E+00   3.12E-03   1.62E-07   8.05E-09   2.26E-09
   -79     -78    1.38E+02   3.14E+00   3.12E-03   1.62E-07   8.05E-09   2.26E-09
   -78     -77    1.38E+02   3.14E+00   3.12E-03   1.62E-07   8.05E-09   2.26E-09
   -77     -76    1.38E+02   3.14E+00   3.12E-03   1.62E-07   8.05E-09   2.26E-09
   -76     -75    1.38E+02   3.14E+00   3.12E-03   1.62E-07   8.05E-09   2.26E-09
   -75     -74    1.38E+02   3.14E+00   3.12E-03   1.62E-07   8.05E-09   2.26E-09
   -74     -73    1.38E+02   3.14E+00   3.12E-03   1.62E-07   8.05E-09   2.26E-09
   -73     -72    1.38E+02   3.14E+00   3.12E-03   1.62E-07   8.05E-09   2.26E-09
   -72     -71    1.38E+02   3.14E+00   3.12E-03   1.62E-07   8.05E-09   2.26E-09
   -71     -70    1.38E+02   3.14E+00   3.12E-03   1.62E-07   8.05E-09   2.26E-09
   -70     -69    1.52E+02   3.35E+00   3.66E-03   2.73E-07   1.43E-08   3.04E-09
   -69     -68    1.52E+02   3.35E+00   3.66E-03   2.73E-07   1.43E-08   3.04E-09
   -68     -67    1.52E+02   3.35E+00   3.66E-03   2.73E-07   1.43E-08   3.04E-09
   -67     -66    1.52E+02   3.35E+00   3.66E-03   2.73E-07   1.43E-08   3.04E-09
   -66     -65    1.52E+02   3.35E+00   3.66E-03   2.73E-07   1.43E-08   3.04E-09
   -65     -64    1.52E+02   3.35E+00   3.66E-03   2.73E-07   1.43E-08   3.04E-09
   -64     -63    1.52E+02   3.35E+00   3.66E-03   2.73E-07   1.43E-08   3.04E-09
   -63     -62    1.52E+02   3.35E+00   3.66E-03   2.73E-07   1.43E-08   3.04E-09
   -62     -61    1.52E+02   3.35E+00   3.66E-03   2.73E-07   1.43E-08   3.04E-09
   -61     -60    1.52E+02   3.35E+00   3.66E-03   2.73E-07   1.43E-08   3.04E-09
   -60     -59    1.71E+02   3.77E+00   4.92E-03   2.75E-07   1.53E-08   3.87E-09
   -59     -58    1.71E+02   3.77E+00   4.92E-03   2.75E-07   1.53E-08   3.87E-09
   -58     -57    1.71E+02   3.77E+00   4.92E-03   2.75E-07   1.53E-08   3.87E-09
   -57     -56    1.71E+02   3.77E+00   4.92E-03   2.75E-07   1.53E-08   3.87E-09
   -56     -55    1.71E+02   3.77E+00   4.92E-03   2.75E-07   1.53E-08   3.87E-09
   -55     -54    1.71E+02   3.77E+00   4.92E-03   2.75E-07   1.53E-08   3.87E-09
   -54     -53    1.71E+02   3.77E+00   4.92E-03   2.75E-07   1.53E-08   3.87E-09
   -53     -52    1.71E+02   3.77E+00   4.92E-03   2.75E-07   1.53E-08   3.87E-09
   -52     -51    1.71E+02   3.77E+00   4.92E-03   2.75E-07   1.53E-08   3.87E-09
   -51     -50    1.71E+02   3.77E+00   4.92E-03   2.75E-07   1.53E-08   3.87E-09
   -50     -49    2.01E+02   4.51E+00   5.95E-03   2.96E-07   1.73E-08   4.49E-09
   -49     -48    2.01E+02   4.51E+00   5.95E-03   2.96E-07   1.73E-08   4.49E-09
   -48     -47    2.01E+02   4.51E+00   5.95E-03   2.96E-07   1.73E-08   4.49E-09
   -47     -46    2.01E+02   4.51E+00   5.95E-03   2.96E-07   1.73E-08   4.49E-09
   -46     -45    2.01E+02   4.51E+00   5.95E-03   2.96E-07   1.73E-08   4.49E-09
   -45     -44    2.01E+02   4.51E+00   5.95E-03   2.96E-07   1.73E-08   4.49E-09
   -44     -43    2.01E+02   4.51E+00   5.95E-03   2.96E-07   1.73E-08   4.49E-09
   -43     -42    2.01E+02   4.51E+00   5.95E-03   2.96E-07   1.73E-08   4.49E-09
   -42     -41    2.01E+02   4.51E+00   5.95E-03   2.96E-07   1.73E-08   4.49E-09
   -41     -40    2.01E+02   4.51E+00   5.95E-03   2.96E-07   1.73E-08   4.49E-09
   -40     -39    2.93E+02   6.36E+00   8.94E-03   4.00E-07   2.57E-08   6.97E-09
   -39     -38    2.93E+02   6.36E+00   8.94E-03   4.00E-07   2.57E-08   6.97E-09
   -38     -37    2.93E+02   6.36E+00   8.94E-03   4.00E-07   2.57E-08   6.97E-09
   -37     -36    2.93E+02   6.36E+00   8.94E-03   4.00E-07   2.57E-08   6.97E-09
   -36     -35    2.93E+02   6.36E+00   8.94E-03   4.00E-07   2.57E-08   6.97E-09
   -35     -34    2.93E+02   6.36E+00   8.94E-03   4.00E-07   2.57E-08   6.97E-09
   -34     -33    2.93E+02   6.36E+00   8.94E-03   4.00E-07   2.57E-08   6.97E-09
   -33     -32    2.93E+02   6.36E+00   8.94E-03   4.00E-07   2.57E-08   6.97E-09
   -32     -31    2.93E+02   6.36E+00   8.94E-03   4.00E-07   2.57E-08   6.97E-09
   -31     -30    2.93E+02   6.36E+00   8.94E-03   4.00E-07   2.57E-08   6.97E-09
   -30     -29    2.15E+02   5.15E+00   3.47E-03   5.31E-07   2.09E-08   2.88E-09
   -29     -28    2.15E+02   5.15E+00   3.47E-03   5.31E-07   2.09E-08   2.88E-09
   -28     -27    2.15E+02   5.15E+00   3.47E-03   5.31E-07   2.09E-08   2.88E-09
   -27     -26    2.15E+02   5.15E+00   3.47E-03   5.31E-07   2.09E-08   2.88E-09
   -26     -25    2.15E+02   5.15E+00   3.47E-03   5.31E-07   2.09E-08   2.88E-09
   -25     -24    2.15E+02   5.15E+00   3.47E-03   5.31E-07   2.09E-08   2.88E-09
   -24     -23    2.15E+02   5.15E+00   3.47E-03   5.31E-07   2.09E-08   2.88E-09
   -23     -22    2.15E+02   5.15E+00   3.47E-03   5.31E-07   2.09E-08   2.88E-09
   -22     -21    2.15E+02   5.15E+00   3.47E-03   5.31E-07   2.09E-08   2.88E-09
   -21     -20    2.15E+02   5.15E+00   3.47E-03   5.31E-07   2.09E-08   2.88E-09
   -20     -19    5.80E+01   1.37E+00   3.12E-03   3.14E-07   1.86E-08   3.23E-09
   -19     -18    5.80E+01   1.37E+00   3.12E-03   3.14E-07   1.86E-08   3.23E-09
   -18     -17    5.80E+01   1.37E+00   3.12E-03   3.14E-07   1.86E-08   3.23E-09
   -17     -16    5.80E+01   1.37E+00   3.12E-03   3.14E-07   1.86E-08   3.23E-09
   -16     -15    5.80E+01   1.37E+00   3.12E-03   3.14E-07   1.86E-08   3.23E-09
   -15     -14    5.80E+01   1.37E+00   3.12E-03   3.14E-07   1.86E-08   3.23E-09
   -14     -13    5.80E+01   1.37E+00   3.12E-03   3.14E-07   1.86E-08   3.23E-09
   -13     -12    5.80E+01   1.37E+00   3.12E-03   3.14E-07   1.86E-08   3.23E-09
   -12     -11    5.80E+01   1.37E+00   3.12E-03   3.14E-07   1.86E-08   3.23E-09
   -11     -10    5.80E+01   1.37E+00   3.12E-03   3.14E-07   1.86E-08   3.23E-09
   -10      -9    1.76E+01   5.09E-01   4.49E-03   1.04E-07   6.25E-09   3.04E-09
    -9      -8    1.76E+01   5.09E-01   4.49E-03   1.04E-07   6.25E-09   3.04E-09
    -8      -7    1.76E+01   5.09E-01   4.49E-03   1.04E-07   6.25E-09   3.04E-09
    -7      -6    1.76E+01   5.09E-01   4.49E-03   1.04E-07   6.25E-09   3.04E-09
    -6      -5    1.76E+01   5.09E-01   4.49E-03   1.04E-07   6.25E-09   3.04E-09
    -5      -4    1.76E+01   5.09E-01   4.49E-03   1.04E-07   6.25E-09   3.04E-09
    -4      -3    1.76E+01   5.09E-01   4.49E-03   1.04E-07   6.25E-09   3.04E-09
    -3      -2    1.76E+01   5.09E-01   4.49E-03   1.04E-07   6.25E-09   3.04E-09
    -2      -1    1.76E+01   5.09E-01   4.49E-03   1.04E-07   6.25E-09   3.04E-09
    -1       0    1.76E+01   5.09E-01   4.49E-03   1.04E-07   6.25E-09   3.04E-09
     0       1    1.76E+01   5.09E-01   4.49E-03   1.04E-07   6.25E-09   3.04E-09
     1       2    1.76E+01   5.09E-01   4.49E-03   1.04E-07   6.25E-09   3.04E-09
     2       3    1.76E+01   5.09E-01   4.49E-03   1.04E-07   6.25E-09   3.04E-09
     3       4    1.76E+01   5.09E-01   4.49E-03   1.04E-07   6.25E-09   3.04E-09
     4       5    1.76E+01   5.09E-01   4.49E-03   1.04E-07   6.25E-09   3.04E-09
     5       6    1.76E+01   5.09E-01   4.49E-03   1.04E-07   6.25E-09   3.04E-09
     6       7    1.76E+01   5.09E-01   4.49E-03   1.04E-07   6.25E-09   3.04E-09
     7       8    1.76E+01   5.09E-01   4.49E-03   1.04E-07   6.25E-09   3.04E-09
     8       9    1.76E+01   5.09E-01   4.49E-03   1.04E-07   6.25E-09   3.04E-09
     9      10    1.76E+01   5.09E-01   4.49E-03   1.04E-07   6.25E-09   3.04E-09
    10      11    5.80E+01   1.37E+00   3.12E-03   3.14E-07   1.86E-08   3.23E-09
    11      12    5.80E+01   1.37E+00   3.12E-03   3.14E-07   1.86E-08   3.23E-09
    12      13    5.80E+01   1.37E+00   3.12E-03   3.14E-07   1.86E-08   3.23E-09
    13      14    5.80E+01   1.37E+00   3.12E-03   3.14E-07   1.86E-08   3.23E-09
    14      15    5.80E+01   1.37E+00   3.12E-03   3.14E-07   1.86E-08   3.23E-09
    15      16    5.80E+01   1.37E+00   3.12E-03   3.14E-07   1.86E-08   3.23E-09
    16      17    5.80E+01   1.37E+00   3.12E-03   3.14E-07   1.86E-08   3.23E-09
    17      18    5.80E+01   1.37E+00   3.12E-03   3.14E-07   1.86E-08   3.23E-09
    18      19    5.80E+01   1.37E+00   3.12E-03   3.14E-07   1.86E-08   3.23E-09
    19      20    5.80E+01   1.37E+00   3.12E-03   3.14E-07   1.86E-08   3.23E-09
    20      21    2.15E+02   5.15E+00   3.47E-03   5.31E-07   2.09E-08   2.88E-09
    21      22    2.15E+02   5.15E+00   3.47E-03   5.31E-07   2.09E-08   2.88E-09
    22      23    2.15E+02   5.15E+00   3.47E-03   5.31E-07   2.09E-08   2.88E-09
    23      24    2.15E+02   5.15E+00   3.47E-03   5.31E-07   2.09E-08   2.88E-09
    24      25    2.15E+02   5.15E+00   3.47E-03   5.31E-07   2.09E-08   2.88E-09
    25      26    2.15E+02   5.15E+00   3.47E-03   5.31E-07   2.09E-08   2.88E-09
    26      27    2.15E+02   5.15E+00   3.47E-03   5.31E-07   2.09E-08   2.88E-09
    27      28    2.15E+02   5.15E+00   3.47E-03   5.31E-07   2.09E-08   2.88E-09
    28      29    2.15E+02   5.15E+00   3.47E-03   5.31E-07   2.09E-08   2.88E-09
    29      30    2.15E+02   5.15E+00   3.47E-03   5.31E-07   2.09E-08   2.88E-09
    30      31    2.93E+02   6.36E+00   8.94E-03   4.00E-07   2.57E-08   6.97E-09
    31      32    2.93E+02   6.36E+00   8.94E-03   4.00E-07   2.57E-08   6.97E-09
    32      33    2.93E+02   6.36E+00   8.94E-03   4.00E-07   2.57E-08   6.97E-09
    33      34    2.93E+02   6.36E+00   8.94E-03   4.00E-07   2.57E-08   6.97E-09
    34      35    2.93E+02   6.36E+00   8.94E-03   4.00E-07   2.57E-08   6.97E-09
    35      36    2.93E+02   6.36E+00   8.94E-03   4.00E-07   2.57E-08   6.97E-09
    36      37    2.93E+02   6.36E+00   8.94E-03   4.00E-07   2.57E-08   6.97E-09
    37      38    2.93E+02   6.36E+00   8.94E-03   4.00E-07   2.57E-08   6.97E-09
    38      39    2.93E+02   6.36E+00   8.94E-03   4.00E-07   2.57E-08   6.97E-09
    39      40    2.93E+02   6.36E+00   8.94E-03   4.00E-07   2.57E-08   6.97E-09
    40      41    2.01E+02   4.51E+00   5.95E-03   2.96E-07   1.73E-08   4.49E-09
    41      42    2.01E+02   4.51E+00   5.95E-03   2.96E-07   1.73E-08   4.49E-09
    42      43    2.01E+02   4.51E+00   5.95E-03   2.96E-07   1.73E-08   4.49E-09
    43      44    2.01E+02   4.51E+00   5.95E-03   2.96E-07   1.73E-08   4.49E-09
    44      45    2.01E+02   4.51E+00   5.95E-03   2.96E-07   1.73E-08   4.49E-09
    45      46    2.01E+02   4.51E+00   5.95E-03   2.96E-07   1.73E-08   4.49E-09
    46      47    2.01E+02   4.51E+00   5.95E-03   2.96E-07   1.73E-08   4.49E-09
    47      48    2.01E+02   4.51E+00   5.95E-03   2.96E-07   1.73E-08   4.49E-09
    48      49    2.01E+02   4.51E+00   5.95E-03   2.96E-07   1.73E-08   4.49E-09
    49      50    2.01E+02   4.51E+00   5.95E-03   2.96E-07   1.73E-08   4.49E-09
    50      51    1.71E+02   3.77E+00   4.92E-03   2.75E-07   1.53E-08   3.87E-09
    51      52    1.71E+02   3.77E+00   4.92E-03   2.75E-07   1.53E-08   3.87E-09
    52      53    1.71E+02   3.77E+00   4.92E-03   2.75E-07   1.53E-08   3.87E-09
    53      54    1.71E+02   3.77E+00   4.92E-03   2.75E-07   1.53E-08   3.87E-09
    54      55    1.71E+02   3.77E+00   4.92E-03   2.75E-07   1.53E-08   3.87E-09
    55      56    1.71E+02   3.77E+00   4.92E-03   2.75E-07   1.53E-08   3.87E-09
    56      57    1.71E+02   3.77E+00   4.92E-03   2.75E-07   1.53E-08   3.87E-09
    57      58    1.71E+02   3.77E+00   4.92E-03   2.75E-07   1.53E-08   3.87E-09
    58      59    1.71E+02   3.77E+00   4.92E-03   2.75E-07   1.53E-08   3.87E-09
    59      60    1.71E+02   3.77E+00   4.92E-03   2.75E-07   1.53E-08   3.87E-09
    60      61    1.52E+02   3.35E+00   3.66E-03   2.73E-07   1.43E-08   3.04E-09
    61      62    1.52E+02   3.35E+00   3.66E-03   2.73E-07   1.43E-08   3.04E-09
    62      63    1.52E+02   3.35E+00   3.66E-03   2.73E-07   1.43E-08   3.04E-09
    63      64    1.52E+02   3.35E+00   3.66E-03   2.73E-07   1.43E-08   3.04E-09
    64      65    1.52E+02   3.35E+00   3.66E-03   2.73E-07   1.43E-08   3.04E-09
    65      66    1.52E+02   3.35E+00   3.66E-03   2.73E-07   1.43E-08   3.04E-09
    66      67    1.52E+02   3.35E+00   3.66E-03   2.73E-07   1.43E-08   3.04E-09
    67      68    1.52E+02   3.35E+00   3.66E-03   2.73E-07   1.43E-08   3.04E-09
    68      69    1.52E+02   3.35E+00   3.66E-03   2.73E-07   1.43E-08   3.04E-09
    69      70    1.52E+02   3.35E+00   3.66E-03   2.73E-07   1.43E-08   3.04E-09
    70      71    1.38E+02   3.14E+00   3.12E-03   1.62E-07   8.05E-09   2.26E-09
    71      72    1.38E+02   3.14E+00   3.12E-03   1.62E-07   8.05E-09   2.26E-09
    72      73    1.38E+02   3.14E+00   3.12E-03   1.62E-07   8.05E-09   2.26E-09
    73      74    1.38E+02   3.14E+00   3.12E-03   1.62E-07   8.05E-09   2.26E-09
    74      75    1.38E+02   3.14E+00   3.12E-03   1.62E-07   8.05E-09   2.26E-09
    75      76    1.38E+02   3.14E+00   3.12E-03   1.62E-07   8.05E-09   2.26E-09
    76      77    1.38E+02   3.14E+00   3.12E-03   1.62E-07   8.05E-09   2.26E-09
    77      78    1.38E+02   3.14E+00   3.12E-03   1.62E-07   8.05E-09   2.26E-09
    78      79    1.38E+02   3.14E+00   3.12E-03   1.62E-07   8.05E-09   2.26E-09
    79      80    1.38E+02   3.14E+00   3.12E-03   1.62E-07   8.05E-09   2.26E-09
    80      81    4.32E+01   7.81E-01   1.67E-03   3.16E-08   2.55E-09   1.18E-09
    81      82    4.32E+01   7.81E-01   1.67E-03   3.16E-08   2.55E-09   1.18E-09
    82      83    4.32E+01   7.81E-01   1.67E-03   3.16E-08   2.55E-09   1.18E-09
    83      84    4.32E+01   7.81E-01   1.67E-03   3.16E-08   2.55E-09   1.18E-09
    84      85    4.32E+01   7.81E-01   1.67E-03   3.16E-08   2.55E-09   1.18E-09
    85      86    4.32E+01   7.81E-01   1.67E-03   3.16E-08   2.55E-09   1.18E-09
    86      87    4.32E+01   7.81E-01   1.67E-03   3.16E-08   2.55E-09   1.18E-09
    87      88    4.32E+01   7.81E-01   1.67E-03   3.16E-08   2.55E-09   1.18E-09
    88      89    4.32E+01   7.81E-01   1.67E-03   3.16E-08   2.55E-09   1.18E-09
    89      90    4.32E+01   7.81E-01   1.67E-03   3.16E-08   2.55E-09   1.18E-09
    90      91    4.99E+00   5.10E-02   7.41E-05   7.02E-09   1.21E-10   3.62E-11
    91      92    4.99E+00   5.10E-02   7.41E-05   7.02E-09   1.21E-10   3.62E-11
    92      93    4.99E+00   5.10E-02   7.41E-05   7.02E-09   1.21E-10   3.62E-11
    93      94    4.99E+00   5.10E-02   7.41E-05   7.02E-09   1.21E-10   3.62E-11
    94      95    4.99E+00   5.10E-02   7.41E-05   7.02E-09   1.21E-10   3.62E-11
    95      96    4.99E+00   5.10E-02   7.41E-05   7.02E-09   1.21E-10   3.62E-11
    96      97    4.99E+00   5.10E-02   7.41E-05   7.02E-09   1.21E-10   3.62E-11
    97      98    4.99E+00   5.10E-02   7.41E-05   7.02E-09   1.21E-10   3.62E-11
    98      99    4.99E+00   5.10E-02   7.41E-05   7.02E-09   1.21E-10   3.62E-11
    99     100    4.99E+00   5.10E-02   7.41E-05   7.02E-09   1.21E-10   3.62E-11
   100     101    1.65E+00   1.40E-02   2.06E-05   3.46E-09   6.06E-11   1.81E-11
   101     102    1.65E+00   1.40E-02   2.06E-05   3.46E-09   6.06E-11   1.81E-11
   102     103    1.65E+00   1.40E-02   2.06E-05   3.46E-09   6.06E-11   1.81E-11
   103     104    1.65E+00   1.40E-02   2.06E-05   3.46E-09   6.06E-11   1.81E-11
   104     105    1.65E+00   1.40E-02   2.06E-05   3.46E-09   6.06E-11   1.81E-11
   105     106    1.65E+00   1.40E-02   2.06E-05   3.46E-09   6.06E-11   1.81E-11
   106     107    1.65E+00   1.40E-02   2.06E-05   3.46E-09   6.06E-11   1.81E-11
   107     108    1.65E+00   1.40E-02   2.06E-05   3.46E-09   6.06E-11   1.81E-11
   108     109    1.65E+00   1.40E-02   2.06E-05   3.46E-09   6.06E-11   1.81E-11
   109     110    1.65E+00   1.40E-02   2.06E-05   3.46E-09   6.06E-11   1.81E-11
   110     111    9.33E-01   8.64E-03   1.09E-05   2.48E-09   4.28E-11   1.38E-11
   111     112    9.33E-01   8.64E-03   1.09E-05   2.48E-09   4.28E-11   1.38E-11
   112     113    9.33E-01   8.64E-03   1.09E-05   2.48E-09   4.28E-11   1.38E-11
   113     114    9.33E-01   8.64E-03   1.09E-05   2.48E-09   4.28E-11   1.38E-11
   114     115    9.33E-01   8.64E-03   1.09E-05   2.48E-09   4.28E-11   1.38E-11
   115     116    9.33E-01   8.64E-03   1.09E-05   2.48E-09   4.28E-11   1.38E-11
   116     117    9.33E-01   8.64E-03   1.09E-05   2.48E-09   4.28E-11   1.38E-11
   117     118    9.33E-01   8.64E-03   1.09E-05   2.48E-09   4.28E-11   1.38E-11
   118     119    9.33E-01   8.64E-03   1.09E-05   2.48E-09   4.28E-11   1.38E-11
   119     120    9.33E-01   8.64E-03   1.09E-05   2.48E-09   4.28E-11   1.38E-11
   120     121    6.92E-01   6.99E-03   9.90E-06   1.19E-09   2.18E-11   9.32E-12
   121     122    6.92E-01   6.99E-03   9.90E-06   1.19E-09   2.18E-11   9.32E-12
   122     123    6.92E-01   6.99E-03   9.90E-06   1.19E-09   2.18E-11   9.32E-12
   123     124    6.92E-01   6.99E-03   9.90E-06   1.19E-09   2.18E-11   9.32E-12
   124     125    6.92E-01   6.99E-03   9.90E-06   1.19E-09   2.18E-11   9.32E-12
   125     126    6.92E-01   6.99E-03   9.90E-06   1.19E-09   2.18E-11   9.32E-12
   126     127    6.92E-01   6.99E-03   9.90E-06   1.19E-09   2.18E-11   9.32E-12
   127     128    6.92E-01   6.99E-03   9.90E-06   1.19E-09   2.18E-11   9.32E-12
   128     129    6.92E-01   6.99E-03   9.90E-06   1.19E-09   2.18E-11   9.32E-12
   129     130    6.92E-01   6.99E-03   9.90E-06   1.19E-09   2.18E-11   9.32E-12
   130     131    5.81E-01   5.60E-03   9.06E-06   6.95E-10   1.35E-11   8.07E-12
   131     132    5.81E-01   5.60E-03   9.06E-06   6.95E-10   1.35E-11   8.07E-12
   132     133    5.81E-01   5.60E-03   9.06E-06   6.95E-10   1.35E-11   8.07E-12
   133     134    5.81E-01   5.60E-03   9.06E-06   6.95E-10   1.35E-11   8.07E-12
   134     135    5.81E-01   5.60E-03   9.06E-06   6.95E-10   1.35E-11   8.07E-12
   135     136    5.81E-01   5.60E-03   9.06E-06   6.95E-10   1.35E-11   8.07E-12
   136     137    5.81E-01   5.60E-03   9.06E-06   6.95E-10   1.35E-11   8.07E-12
   137     138    5.81E-01   5.60E-03   9.06E-06   6.95E-10   1.35E-11   8.07E-12
   138     139    5.81E-01   5.60E-03   9.06E-06   6.95E-10   1.35E-11   8.07E-12
   139     140    5.81E-01   5.60E-03   9.06E-06   6.95E-10   1.35E-11   8.07E-12
   140     141    5.21E-01   4.99E-03   7.65E-06   5.20E-10   1.25E-11   8.07E-12
   141     142    5.21E-01   4.99E-03   7.65E-06   5.20E-10   1.25E-11   8.07E-12
   142     143    5.21E-01   4.99E-03   7.65E-06   5.20E-10   1.25E-11   8.07E-12
   143     144    5.21E-01   4.99E-03   7.65E-06   5.20E-10   1.25E-11   8.07E-12
   144     145    5.21E-01   4.99E-03   7.65E-06   5.20E-10   1.25E-11   8.07E-12
   145     146    5.21E-01   4.99E-03   7.65E-06   5.20E-10   1.25E-11   8.07E-12
   146     147    5.21E-01   4.99E-03   7.65E-06   5.20E-10   1.25E-11   8.07E-12
   147     148    5.21E-01   4.99E-03   7.65E-06   5.20E-10   1.25E-11   8.07E-12
   148     149    5.21E-01   4.99E-03   7.65E-06   5.20E-10   1.25E-11   8.07E-12
   149     150    5.21E-01   4.99E-03   7.65E-06   5.20E-10   1.25E-11   8.07E-12
   150     151    4.76E-01   5.58E-03   8.29E-06   5.57E-10   1.36E-11   8.53E-12
   151     152    4.76E-01   5.58E-03   8.29E-06   5.57E-10   1.36E-11   8.53E-12
   152     153    4.76E-01   5.58E-03   8.29E-06   5.57E-10   1.36E-11   8.53E-12
   153     154    4.76E-01   5.58E-03   8.29E-06   5.57E-10   1.36E-11   8.53E-12
   154     155    4.76E-01   5.58E-03   8.29E-06   5.57E-10   1.36E-11   8.53E-12
   155     156    4.76E-01   5.58E-03   8.29E-06   5.57E-10   1.36E-11   8.53E-12
   156     157    4.76E-01   5.58E-03   8.29E-06   5.57E-10   1.36E-11   8.53E-12
   157     158    4.76E-01   5.58E-03   8.29E-06   5.57E-10   1.36E-11   8.53E-12
   158     159    4.76E-01   5.58E-03   8.29E-06   5.57E-10   1.36E-11   8.53E-12
   159     160    4.76E-01   5.58E-03   8.29E-06   5.57E-10   1.36E-11   8.53E-12
   160     161    3.90E-01   6.54E-03   7.61E-06   7.61E-10   1.73E-11   1.03E-11
   161     162    3.90E-01   6.54E-03   7.61E-06   7.61E-10   1.73E-11   1.03E-11
   162     163    3.90E-01   6.54E-03   7.61E-06   7.61E-10   1.73E-11   1.03E-11
   163     164    3.90E-01   6.54E-03   7.61E-06   7.61E-10   1.73E-11   1.03E-11
   164     165    3.90E-01   6.54E-03   7.61E-06   7.61E-10   1.73E-11   1.03E-11
   165     166    3.90E-01   6.54E-03   7.61E-06   7.61E-10   1.73E-11   1.03E-11
   166     167    3.90E-01   6.54E-03   7.61E-06   7.61E-10   1.73E-11   1.03E-11
   167     168    3.90E-01   6.54E-03   7.61E-06   7.61E-10   1.73E-11   1.03E-11
   168     169    3.90E-01   6.54E-03   7.61E-06   7.61E-10   1.73E-11   1.03E-11
   169     170    3.90E-01   6.54E-03   7.61E-06   7.61E-10   1.73E-11   1.03E-11
   170     171    2.05E-01   2.35E-03   2.52E-06   1.38E-09   1.33E-11   3.93E-12
   171     172    2.05E-01   2.35E-03   2.52E-06   1.38E-09   1.33E-11   3.93E-12
   172     173    2.05E-01   2.35E-03   2.52E-06   1.38E-09   1.33E-11   3.93E-12
   173     174    2.05E-01   2.35E-03   2.52E-06   1.38E-09   1.33E-11   3.93E-12
   174     175    2.05E-01   2.35E-03   2.52E-06   1.38E-09   1.33E-11   3.93E-12
   175     176    2.05E-01   2.35E-03   2.52E-06   1.38E-09   1.33E-11   3.93E-12
   176     177    2.05E-01   2.35E-03   2.52E-06   1.38E-09   1.33E-11   3.93E-12
   177     178    2.05E-01   2.35E-03   2.52E-06   1.38E-09   1.33E-11   3.93E-12
   178     179    2.05E-01   2.35E-03   2.52E-06   1.38E-09   1.33E-11   3.93E-12
   179     180    2.05E-01   2.35E-03   2.52E-06   1.38E-09   1.33E-11   3.93E-12
