 ORDEM 3.1.2 -  ORDEM Spacecraft Mode
 Debris Flux (#/m^2/yr/kps)
  Year: 2042  a =   7478.135  e =  0.000000  inc =   51.60
 *
 *
 *
 *
 *
 *
 *
 Vel 1   Vel 2    >10um      >100um     >1mm       >1cm       >10cm      >1m
 ------  ------   --------   --------   --------   --------   --------   --------  
   Min.:          1.69E-06   2.81E-12   2.81E-12   1.80E-09   2.58E-12   1.29E-12
   Max.:          4.72E+03   1.12E+02   1.30E-01   1.10E-05   4.52E-07   9.85E-08
 ------  ------   --------   --------   --------   --------   --------   --------  
   0.0     0.1    1.07E+02   1.87E+00   1.22E-03   1.75E-08   8.94E-10   4.29E-10
   0.1     0.2    1.07E+02   1.87E+00   1.22E-03   1.75E-08   8.94E-10   4.29E-10
   0.2     0.3    1.07E+02   1.87E+00   1.22E-03   1.75E-08   8.94E-10   4.29E-10
   0.3     0.4    1.07E+02   1.87E+00   1.22E-03   1.75E-08   8.94E-10   4.29E-10
   0.4     0.5    1.07E+02   1.87E+00   1.22E-03   1.75E-08   8.94E-10   4.29E-10
   0.5     0.6    1.07E+02   1.87E+00   1.22E-03   1.75E-08   8.94E-10   4.29E-10
   0.6     0.7    1.07E+02   1.87E+00   1.22E-03   1.75E-08   8.94E-10   4.29E-10
   0.7     0.8    1.07E+02   1.87E+00   1.22E-03   1.75E-08   8.94E-10   4.29E-10
   0.8     0.9    1.07E+02   1.87E+00   1.22E-03   1.75E-08   8.94E-10   4.29E-10
   0.9     1.0    1.07E+02   1.87E+00   1.22E-03   1.75E-08   8.94E-10   4.29E-10
   1.0     1.1    4.13E+02   8.34E+00   2.06E-02   1.50E-07   2.86E-08   1.49E-08
   1.1     1.2    4.13E+02   8.34E+00   2.06E-02   1.50E-07   2.86E-08   1.49E-08
   1.2     1.3    4.13E+02   8.34E+00   2.06E-02   1.50E-07   2.86E-08   1.49E-08
   1.3     1.4    4.13E+02   8.34E+00   2.06E-02   1.50E-07   2.86E-08   1.49E-08
   1.4     1.5    4.13E+02   8.34E+00   2.06E-02   1.50E-07   2.86E-08   1.49E-08
   1.5     1.6    4.13E+02   8.34E+00   2.06E-02   1.50E-07   2.86E-08   1.49E-08
   1.6     1.7    4.13E+02   8.34E+00   2.06E-02   1.50E-07   2.86E-08   1.49E-08
   1.7     1.8    4.13E+02   8.34E+00   2.06E-02   1.50E-07   2.86E-08   1.49E-08
   1.8     1.9    4.13E+02   8.34E+00   2.06E-02   1.50E-07   2.86E-08   1.49E-08
   1.9     2.0    4.13E+02   8.34E+00   2.06E-02   1.50E-07   2.86E-08   1.49E-08
   2.0     2.1    6.81E+02   1.45E+01   2.15E-02   4.51E-07   4.97E-08   1.65E-08
   2.1     2.2    6.81E+02   1.45E+01   2.15E-02   4.51E-07   4.97E-08   1.65E-08
   2.2     2.3    6.81E+02   1.45E+01   2.15E-02   4.51E-07   4.97E-08   1.65E-08
   2.3     2.4    6.81E+02   1.45E+01   2.15E-02   4.51E-07   4.97E-08   1.65E-08
   2.4     2.5    6.81E+02   1.45E+01   2.15E-02   4.51E-07   4.97E-08   1.65E-08
   2.5     2.6    6.81E+02   1.45E+01   2.15E-02   4.51E-07   4.97E-08   1.65E-08
   2.6     2.7    6.81E+02   1.45E+01   2.15E-02   4.51E-07   4.97E-08   1.65E-08
   2.7     2.8    6.81E+02   1.45E+01   2.15E-02   4.51E-07   4.97E-08   1.65E-08
   2.8     2.9    6.81E+02   1.45E+01   2.15E-02   4.51E-07   4.97E-08   1.65E-08
   2.9     3.0    6.81E+02   1.45E+01   2.15E-02   4.51E-07   4.97E-08   1.65E-08
   3.0     3.1    1.07E+03   2.32E+01   2.32E-02   8.46E-07   5.46E-08   1.68E-08
   3.1     3.2    1.07E+03   2.32E+01   2.32E-02   8.46E-07   5.46E-08   1.68E-08
   3.2     3.3    1.07E+03   2.32E+01   2.32E-02   8.46E-07   5.46E-08   1.68E-08
   3.3     3.4    1.07E+03   2.32E+01   2.32E-02   8.46E-07   5.46E-08   1.68E-08
   3.4     3.5    1.07E+03   2.32E+01   2.32E-02   8.46E-07   5.46E-08   1.68E-08
   3.5     3.6    1.07E+03   2.32E+01   2.32E-02   8.46E-07   5.46E-08   1.68E-08
   3.6     3.7    1.07E+03   2.32E+01   2.32E-02   8.46E-07   5.46E-08   1.68E-08
   3.7     3.8    1.07E+03   2.32E+01   2.32E-02   8.46E-07   5.46E-08   1.68E-08
   3.8     3.9    1.07E+03   2.32E+01   2.32E-02   8.46E-07   5.46E-08   1.68E-08
   3.9     4.0    1.07E+03   2.32E+01   2.32E-02   8.46E-07   5.46E-08   1.68E-08
   4.0     4.1    1.29E+03   2.87E+01   2.68E-02   1.84E-06   7.65E-08   1.88E-08
   4.1     4.2    1.29E+03   2.87E+01   2.68E-02   1.84E-06   7.65E-08   1.88E-08
   4.2     4.3    1.29E+03   2.87E+01   2.68E-02   1.84E-06   7.65E-08   1.88E-08
   4.3     4.4    1.29E+03   2.87E+01   2.68E-02   1.84E-06   7.65E-08   1.88E-08
   4.4     4.5    1.29E+03   2.87E+01   2.68E-02   1.84E-06   7.65E-08   1.88E-08
   4.5     4.6    1.29E+03   2.87E+01   2.68E-02   1.84E-06   7.65E-08   1.88E-08
   4.6     4.7    1.29E+03   2.87E+01   2.68E-02   1.84E-06   7.65E-08   1.88E-08
   4.7     4.8    1.29E+03   2.87E+01   2.68E-02   1.84E-06   7.65E-08   1.88E-08
   4.8     4.9    1.29E+03   2.87E+01   2.68E-02   1.84E-06   7.65E-08   1.88E-08
   4.9     5.0    1.29E+03   2.87E+01   2.68E-02   1.84E-06   7.65E-08   1.88E-08
   5.0     5.1    1.21E+03   2.67E+01   2.82E-02   1.97E-06   9.35E-08   2.23E-08
   5.1     5.2    1.21E+03   2.67E+01   2.82E-02   1.97E-06   9.35E-08   2.23E-08
   5.2     5.3    1.21E+03   2.67E+01   2.82E-02   1.97E-06   9.35E-08   2.23E-08
   5.3     5.4    1.21E+03   2.67E+01   2.82E-02   1.97E-06   9.35E-08   2.23E-08
   5.4     5.5    1.21E+03   2.67E+01   2.82E-02   1.97E-06   9.35E-08   2.23E-08
   5.5     5.6    1.21E+03   2.67E+01   2.82E-02   1.97E-06   9.35E-08   2.23E-08
   5.6     5.7    1.21E+03   2.67E+01   2.82E-02   1.97E-06   9.35E-08   2.23E-08
   5.7     5.8    1.21E+03   2.67E+01   2.82E-02   1.97E-06   9.35E-08   2.23E-08
   5.8     5.9    1.21E+03   2.67E+01   2.82E-02   1.97E-06   9.35E-08   2.23E-08
   5.9     6.0    1.21E+03   2.67E+01   2.82E-02   1.97E-06   9.35E-08   2.23E-08
   6.0     6.1    1.46E+03   3.20E+01   3.64E-02   2.81E-06   1.56E-07   3.14E-08
   6.1     6.2    1.46E+03   3.20E+01   3.64E-02   2.81E-06   1.56E-07   3.14E-08
   6.2     6.3    1.46E+03   3.20E+01   3.64E-02   2.81E-06   1.56E-07   3.14E-08
   6.3     6.4    1.46E+03   3.20E+01   3.64E-02   2.81E-06   1.56E-07   3.14E-08
   6.4     6.5    1.46E+03   3.20E+01   3.64E-02   2.81E-06   1.56E-07   3.14E-08
   6.5     6.6    1.46E+03   3.20E+01   3.64E-02   2.81E-06   1.56E-07   3.14E-08
   6.6     6.7    1.46E+03   3.20E+01   3.64E-02   2.81E-06   1.56E-07   3.14E-08
   6.7     6.8    1.46E+03   3.20E+01   3.64E-02   2.81E-06   1.56E-07   3.14E-08
   6.8     6.9    1.46E+03   3.20E+01   3.64E-02   2.81E-06   1.56E-07   3.14E-08
   6.9     7.0    1.46E+03   3.20E+01   3.64E-02   2.81E-06   1.56E-07   3.14E-08
   7.0     7.1    1.46E+03   3.22E+01   3.64E-02   2.67E-06   1.31E-07   2.98E-08
   7.1     7.2    1.46E+03   3.22E+01   3.64E-02   2.67E-06   1.31E-07   2.98E-08
   7.2     7.3    1.46E+03   3.22E+01   3.64E-02   2.67E-06   1.31E-07   2.98E-08
   7.3     7.4    1.46E+03   3.22E+01   3.64E-02   2.67E-06   1.31E-07   2.98E-08
   7.4     7.5    1.46E+03   3.22E+01   3.64E-02   2.67E-06   1.31E-07   2.98E-08
   7.5     7.6    1.46E+03   3.22E+01   3.64E-02   2.67E-06   1.31E-07   2.98E-08
   7.6     7.7    1.46E+03   3.22E+01   3.64E-02   2.67E-06   1.31E-07   2.98E-08
   7.7     7.8    1.46E+03   3.22E+01   3.64E-02   2.67E-06   1.31E-07   2.98E-08
   7.8     7.9    1.46E+03   3.22E+01   3.64E-02   2.67E-06   1.31E-07   2.98E-08
   7.9     8.0    1.46E+03   3.22E+01   3.64E-02   2.67E-06   1.31E-07   2.98E-08
   8.0     8.1    1.67E+03   3.66E+01   5.16E-02   2.81E-06   1.53E-07   4.00E-08
   8.1     8.2    1.67E+03   3.66E+01   5.16E-02   2.81E-06   1.53E-07   4.00E-08
   8.2     8.3    1.67E+03   3.66E+01   5.16E-02   2.81E-06   1.53E-07   4.00E-08
   8.3     8.4    1.67E+03   3.66E+01   5.16E-02   2.81E-06   1.53E-07   4.00E-08
   8.4     8.5    1.67E+03   3.66E+01   5.16E-02   2.81E-06   1.53E-07   4.00E-08
   8.5     8.6    1.67E+03   3.66E+01   5.16E-02   2.81E-06   1.53E-07   4.00E-08
   8.6     8.7    1.67E+03   3.66E+01   5.16E-02   2.81E-06   1.53E-07   4.00E-08
   8.7     8.8    1.67E+03   3.66E+01   5.16E-02   2.81E-06   1.53E-07   4.00E-08
   8.8     8.9    1.67E+03   3.66E+01   5.16E-02   2.81E-06   1.53E-07   4.00E-08
   8.9     9.0    1.67E+03   3.66E+01   5.16E-02   2.81E-06   1.53E-07   4.00E-08
   9.0     9.1    1.94E+03   4.34E+01   5.96E-02   3.06E-06   1.73E-07   4.63E-08
   9.1     9.2    1.94E+03   4.34E+01   5.96E-02   3.06E-06   1.73E-07   4.63E-08
   9.2     9.3    1.94E+03   4.34E+01   5.96E-02   3.06E-06   1.73E-07   4.63E-08
   9.3     9.4    1.94E+03   4.34E+01   5.96E-02   3.06E-06   1.73E-07   4.63E-08
   9.4     9.5    1.94E+03   4.34E+01   5.96E-02   3.06E-06   1.73E-07   4.63E-08
   9.5     9.6    1.94E+03   4.34E+01   5.96E-02   3.06E-06   1.73E-07   4.63E-08
   9.6     9.7    1.94E+03   4.34E+01   5.96E-02   3.06E-06   1.73E-07   4.63E-08
   9.7     9.8    1.94E+03   4.34E+01   5.96E-02   3.06E-06   1.73E-07   4.63E-08
   9.8     9.9    1.94E+03   4.34E+01   5.96E-02   3.06E-06   1.73E-07   4.63E-08
   9.9    10.0    1.94E+03   4.34E+01   5.96E-02   3.06E-06   1.73E-07   4.63E-08
  10.0    10.1    2.28E+03   5.24E+01   6.89E-02   3.35E-06   1.98E-07   5.12E-08
  10.1    10.2    2.28E+03   5.24E+01   6.89E-02   3.35E-06   1.98E-07   5.12E-08
  10.2    10.3    2.28E+03   5.24E+01   6.89E-02   3.35E-06   1.98E-07   5.12E-08
  10.3    10.4    2.28E+03   5.24E+01   6.89E-02   3.35E-06   1.98E-07   5.12E-08
  10.4    10.5    2.28E+03   5.24E+01   6.89E-02   3.35E-06   1.98E-07   5.12E-08
  10.5    10.6    2.28E+03   5.24E+01   6.89E-02   3.35E-06   1.98E-07   5.12E-08
  10.6    10.7    2.28E+03   5.24E+01   6.89E-02   3.35E-06   1.98E-07   5.12E-08
  10.7    10.8    2.28E+03   5.24E+01   6.89E-02   3.35E-06   1.98E-07   5.12E-08
  10.8    10.9    2.28E+03   5.24E+01   6.89E-02   3.35E-06   1.98E-07   5.12E-08
  10.9    11.0    2.28E+03   5.24E+01   6.89E-02   3.35E-06   1.98E-07   5.12E-08
  11.0    11.1    3.40E+03   7.30E+01   9.97E-02   4.42E-06   2.78E-07   7.60E-08
  11.1    11.2    3.40E+03   7.30E+01   9.97E-02   4.42E-06   2.78E-07   7.60E-08
  11.2    11.3    3.40E+03   7.30E+01   9.97E-02   4.42E-06   2.78E-07   7.60E-08
  11.3    11.4    3.40E+03   7.30E+01   9.97E-02   4.42E-06   2.78E-07   7.60E-08
  11.4    11.5    3.40E+03   7.30E+01   9.97E-02   4.42E-06   2.78E-07   7.60E-08
  11.5    11.6    3.40E+03   7.30E+01   9.97E-02   4.42E-06   2.78E-07   7.60E-08
  11.6    11.7    3.40E+03   7.30E+01   9.97E-02   4.42E-06   2.78E-07   7.60E-08
  11.7    11.8    3.40E+03   7.30E+01   9.97E-02   4.42E-06   2.78E-07   7.60E-08
  11.8    11.9    3.40E+03   7.30E+01   9.97E-02   4.42E-06   2.78E-07   7.60E-08
  11.9    12.0    3.40E+03   7.30E+01   9.97E-02   4.42E-06   2.78E-07   7.60E-08
  12.0    12.1    4.72E+03   1.12E+02   1.12E-01   6.94E-06   4.02E-07   8.84E-08
  12.1    12.2    4.72E+03   1.12E+02   1.12E-01   6.94E-06   4.02E-07   8.84E-08
  12.2    12.3    4.72E+03   1.12E+02   1.12E-01   6.94E-06   4.02E-07   8.84E-08
  12.3    12.4    4.72E+03   1.12E+02   1.12E-01   6.94E-06   4.02E-07   8.84E-08
  12.4    12.5    4.72E+03   1.12E+02   1.12E-01   6.94E-06   4.02E-07   8.84E-08
  12.5    12.6    4.72E+03   1.12E+02   1.12E-01   6.94E-06   4.02E-07   8.84E-08
  12.6    12.7    4.72E+03   1.12E+02   1.12E-01   6.94E-06   4.02E-07   8.84E-08
  12.7    12.8    4.72E+03   1.12E+02   1.12E-01   6.94E-06   4.02E-07   8.84E-08
  12.8    12.9    4.72E+03   1.12E+02   1.12E-01   6.94E-06   4.02E-07   8.84E-08
  12.9    13.0    4.72E+03   1.12E+02   1.12E-01   6.94E-06   4.02E-07   8.84E-08
  13.0    13.1    3.16E+03   6.82E+01   7.36E-02   1.10E-05   4.52E-07   7.02E-08
  13.1    13.2    3.16E+03   6.82E+01   7.36E-02   1.10E-05   4.52E-07   7.02E-08
  13.2    13.3    3.16E+03   6.82E+01   7.36E-02   1.10E-05   4.52E-07   7.02E-08
  13.3    13.4    3.16E+03   6.82E+01   7.36E-02   1.10E-05   4.52E-07   7.02E-08
  13.4    13.5    3.16E+03   6.82E+01   7.36E-02   1.10E-05   4.52E-07   7.02E-08
  13.5    13.6    3.16E+03   6.82E+01   7.36E-02   1.10E-05   4.52E-07   7.02E-08
  13.6    13.7    3.16E+03   6.82E+01   7.36E-02   1.10E-05   4.52E-07   7.02E-08
  13.7    13.8    3.16E+03   6.82E+01   7.36E-02   1.10E-05   4.52E-07   7.02E-08
  13.8    13.9    3.16E+03   6.82E+01   7.36E-02   1.10E-05   4.52E-07   7.02E-08
  13.9    14.0    3.16E+03   6.82E+01   7.36E-02   1.10E-05   4.52E-07   7.02E-08
  14.0    14.1    1.09E+03   2.75E+01   1.30E-01   5.70E-06   3.39E-07   9.85E-08
  14.1    14.2    1.09E+03   2.75E+01   1.30E-01   5.70E-06   3.39E-07   9.85E-08
  14.2    14.3    1.09E+03   2.75E+01   1.30E-01   5.70E-06   3.39E-07   9.85E-08
  14.3    14.4    1.09E+03   2.75E+01   1.30E-01   5.70E-06   3.39E-07   9.85E-08
  14.4    14.5    1.09E+03   2.75E+01   1.30E-01   5.70E-06   3.39E-07   9.85E-08
  14.5    14.6    1.09E+03   2.75E+01   1.30E-01   5.70E-06   3.39E-07   9.85E-08
  14.6    14.7    1.09E+03   2.75E+01   1.30E-01   5.70E-06   3.39E-07   9.85E-08
  14.7    14.8    1.09E+03   2.75E+01   1.30E-01   5.70E-06   3.39E-07   9.85E-08
  14.8    14.9    1.09E+03   2.75E+01   1.30E-01   5.70E-06   3.39E-07   9.85E-08
  14.9    15.0    1.09E+03   2.75E+01   1.30E-01   5.70E-06   3.39E-07   9.85E-08
  15.0    15.1    7.57E+00   4.82E-02   8.84E-05   8.12E-08   3.83E-10   5.98E-11
  15.1    15.2    7.57E+00   4.82E-02   8.84E-05   8.12E-08   3.83E-10   5.98E-11
  15.2    15.3    7.57E+00   4.82E-02   8.84E-05   8.12E-08   3.83E-10   5.98E-11
  15.3    15.4    7.57E+00   4.82E-02   8.84E-05   8.12E-08   3.83E-10   5.98E-11
  15.4    15.5    7.57E+00   4.82E-02   8.84E-05   8.12E-08   3.83E-10   5.98E-11
  15.5    15.6    7.57E+00   4.82E-02   8.84E-05   8.12E-08   3.83E-10   5.98E-11
  15.6    15.7    7.57E+00   4.82E-02   8.84E-05   8.12E-08   3.83E-10   5.98E-11
  15.7    15.8    7.57E+00   4.82E-02   8.84E-05   8.12E-08   3.83E-10   5.98E-11
  15.8    15.9    7.57E+00   4.82E-02   8.84E-05   8.12E-08   3.83E-10   5.98E-11
  15.9    16.0    7.57E+00   4.82E-02   8.84E-05   8.12E-08   3.83E-10   5.98E-11
  16.0    16.1    2.13E+00   5.40E-04   1.21E-06   1.80E-09   2.58E-12   1.29E-12
  16.1    16.2    2.13E+00   5.40E-04   1.21E-06   1.80E-09   2.58E-12   1.29E-12
  16.2    16.3    2.13E+00   5.40E-04   1.21E-06   1.80E-09   2.58E-12   1.29E-12
  16.3    16.4    2.13E+00   5.40E-04   1.21E-06   1.80E-09   2.58E-12   1.29E-12
  16.4    16.5    2.13E+00   5.40E-04   1.21E-06   1.80E-09   2.58E-12   1.29E-12
  16.5    16.6    2.13E+00   5.40E-04   1.21E-06   1.80E-09   2.58E-12   1.29E-12
  16.6    16.7    2.13E+00   5.40E-04   1.21E-06   1.80E-09   2.58E-12   1.29E-12
  16.7    16.8    2.13E+00   5.40E-04   1.21E-06   1.80E-09   2.58E-12   1.29E-12
  16.8    16.9    2.13E+00   5.40E-04   1.21E-06   1.80E-09   2.58E-12   1.29E-12
  16.9    17.0    2.13E+00   5.40E-04   1.21E-06   1.80E-09   2.58E-12   1.29E-12
  17.0    17.1    1.69E-06   2.81E-12   2.81E-12   1.00E-99   1.00E-99   1.00E-99
  17.1    17.2    1.69E-06   2.81E-12   2.81E-12   1.00E-99   1.00E-99   1.00E-99
  17.2    17.3    1.69E-06   2.81E-12   2.81E-12   1.00E-99   1.00E-99   1.00E-99
  17.3    17.4    1.69E-06   2.81E-12   2.81E-12   1.00E-99   1.00E-99   1.00E-99
  17.4    17.5    1.69E-06   2.81E-12   2.81E-12   1.00E-99   1.00E-99   1.00E-99
  17.5    17.6    1.69E-06   2.81E-12   2.81E-12   1.00E-99   1.00E-99   1.00E-99
  17.6    17.7    1.69E-06   2.81E-12   2.81E-12   1.00E-99   1.00E-99   1.00E-99
  17.7    17.8    1.69E-06   2.81E-12   2.81E-12   1.00E-99   1.00E-99   1.00E-99
  17.8    17.9    1.69E-06   2.81E-12   2.81E-12   1.00E-99   1.00E-99   1.00E-99
  17.9    18.0    1.69E-06   2.81E-12   2.81E-12   1.00E-99   1.00E-99   1.00E-99
  18.0    18.1    1.00E-99   1.00E-99   1.00E-99   1.00E-99   1.00E-99   1.00E-99
  18.1    18.2    1.00E-99   1.00E-99   1.00E-99   1.00E-99   1.00E-99   1.00E-99
  18.2    18.3    1.00E-99   1.00E-99   1.00E-99   1.00E-99   1.00E-99   1.00E-99
  18.3    18.4    1.00E-99   1.00E-99   1.00E-99   1.00E-99   1.00E-99   1.00E-99
  18.4    18.5    1.00E-99   1.00E-99   1.00E-99   1.00E-99   1.00E-99   1.00E-99
  18.5    18.6    1.00E-99   1.00E-99   1.00E-99   1.00E-99   1.00E-99   1.00E-99
  18.6    18.7    1.00E-99   1.00E-99   1.00E-99   1.00E-99   1.00E-99   1.00E-99
  18.7    18.8    1.00E-99   1.00E-99   1.00E-99   1.00E-99   1.00E-99   1.00E-99
  18.8    18.9    1.00E-99   1.00E-99   1.00E-99   1.00E-99   1.00E-99   1.00E-99
  18.9    19.0    1.00E-99   1.00E-99   1.00E-99   1.00E-99   1.00E-99   1.00E-99
  19.0    19.1    1.00E-99   1.00E-99   1.00E-99   1.00E-99   1.00E-99   1.00E-99
  19.1    19.2    1.00E-99   1.00E-99   1.00E-99   1.00E-99   1.00E-99   1.00E-99
  19.2    19.3    1.00E-99   1.00E-99   1.00E-99   1.00E-99   1.00E-99   1.00E-99
  19.3    19.4    1.00E-99   1.00E-99   1.00E-99   1.00E-99   1.00E-99   1.00E-99
  19.4    19.5    1.00E-99   1.00E-99   1.00E-99   1.00E-99   1.00E-99   1.00E-99
  19.5    19.6    1.00E-99   1.00E-99   1.00E-99   1.00E-99   1.00E-99   1.00E-99
  19.6    19.7    1.00E-99   1.00E-99   1.00E-99   1.00E-99   1.00E-99   1.00E-99
  19.7    19.8    1.00E-99   1.00E-99   1.00E-99   1.00E-99   1.00E-99   1.00E-99
  19.8    19.9    1.00E-99   1.00E-99   1.00E-99   1.00E-99   1.00E-99   1.00E-99
  19.9    20.0    1.00E-99   1.00E-99   1.00E-99   1.00E-99   1.00E-99   1.00E-99
  20.0    20.1    1.00E-99   1.00E-99   1.00E-99   1.00E-99   1.00E-99   1.00E-99
  20.1    20.2    1.00E-99   1.00E-99   1.00E-99   1.00E-99   1.00E-99   1.00E-99
  20.2    20.3    1.00E-99   1.00E-99   1.00E-99   1.00E-99   1.00E-99   1.00E-99
  20.3    20.4    1.00E-99   1.00E-99   1.00E-99   1.00E-99   1.00E-99   1.00E-99
  20.4    20.5    1.00E-99   1.00E-99   1.00E-99   1.00E-99   1.00E-99   1.00E-99
  20.5    20.6    1.00E-99   1.00E-99   1.00E-99   1.00E-99   1.00E-99   1.00E-99
  20.6    20.7    1.00E-99   1.00E-99   1.00E-99   1.00E-99   1.00E-99   1.00E-99
  20.7    20.8    1.00E-99   1.00E-99   1.00E-99   1.00E-99   1.00E-99   1.00E-99
  20.8    20.9    1.00E-99   1.00E-99   1.00E-99   1.00E-99   1.00E-99   1.00E-99
  20.9    21.0    1.00E-99   1.00E-99   1.00E-99   1.00E-99   1.00E-99   1.00E-99
  21.0    21.1    1.00E-99   1.00E-99   1.00E-99   1.00E-99   1.00E-99   1.00E-99
  21.1    21.2    1.00E-99   1.00E-99   1.00E-99   1.00E-99   1.00E-99   1.00E-99
  21.2    21.3    1.00E-99   1.00E-99   1.00E-99   1.00E-99   1.00E-99   1.00E-99
  21.3    21.4    1.00E-99   1.00E-99   1.00E-99   1.00E-99   1.00E-99   1.00E-99
  21.4    21.5    1.00E-99   1.00E-99   1.00E-99   1.00E-99   1.00E-99   1.00E-99
  21.5    21.6    1.00E-99   1.00E-99   1.00E-99   1.00E-99   1.00E-99   1.00E-99
  21.6    21.7    1.00E-99   1.00E-99   1.00E-99   1.00E-99   1.00E-99   1.00E-99
  21.7    21.8    1.00E-99   1.00E-99   1.00E-99   1.00E-99   1.00E-99   1.00E-99
  21.8    21.9    1.00E-99   1.00E-99   1.00E-99   1.00E-99   1.00E-99   1.00E-99
  21.9    22.0    1.00E-99   1.00E-99   1.00E-99   1.00E-99   1.00E-99   1.00E-99
  22.0    22.1    1.00E-99   1.00E-99   1.00E-99   1.00E-99   1.00E-99   1.00E-99
  22.1    22.2    1.00E-99   1.00E-99   1.00E-99   1.00E-99   1.00E-99   1.00E-99
  22.2    22.3    1.00E-99   1.00E-99   1.00E-99   1.00E-99   1.00E-99   1.00E-99
  22.3    22.4    1.00E-99   1.00E-99   1.00E-99   1.00E-99   1.00E-99   1.00E-99
  22.4    22.5    1.00E-99   1.00E-99   1.00E-99   1.00E-99   1.00E-99   1.00E-99
  22.5    22.6    1.00E-99   1.00E-99   1.00E-99   1.00E-99   1.00E-99   1.00E-99
  22.6    22.7    1.00E-99   1.00E-99   1.00E-99   1.00E-99   1.00E-99   1.00E-99
  22.7    22.8    1.00E-99   1.00E-99   1.00E-99   1.00E-99   1.00E-99   1.00E-99
  22.8    22.9    1.00E-99   1.00E-99   1.00E-99   1.00E-99   1.00E-99   1.00E-99
  22.9    23.0    1.00E-99   1.00E-99   1.00E-99   1.00E-99   1.00E-99   1.00E-99
