 ORDEM 3.1.2 -  ORDEM Spacecraft Mode
 Debris Flux (#/m^2/yr/deg)
  Year: 2042  Perigee Altitude =    400.000  Apogee Altitude =   400.000  inc =   51.60
 *
 *
 *
 *
 *
 *
 *
  Az 1    Az 2    >10um      >100um     >1mm       >1cm       >10cm      >1m
 ------  ------   --------   --------   --------   --------   --------   --------  
   Min.:          6.45E-02   5.27E-04   2.76E-06   2.80E-10   2.02E-11   9.23E-12
   Max.:          2.05E+01   9.01E-02   3.96E-04   4.40E-08   4.77E-09   2.23E-09
 ------  ------   --------   --------   --------   --------   --------   --------  
  -180    -179    6.45E-02   5.27E-04   5.21E-06   5.78E-10   2.02E-11   9.23E-12
  -179    -178    6.45E-02   5.27E-04   5.21E-06   5.78E-10   2.02E-11   9.23E-12
  -178    -177    6.45E-02   5.27E-04   5.21E-06   5.78E-10   2.02E-11   9.23E-12
  -177    -176    6.45E-02   5.27E-04   5.21E-06   5.78E-10   2.02E-11   9.23E-12
  -176    -175    6.45E-02   5.27E-04   5.21E-06   5.78E-10   2.02E-11   9.23E-12
  -175    -174    6.45E-02   5.27E-04   5.21E-06   5.78E-10   2.02E-11   9.23E-12
  -174    -173    6.45E-02   5.27E-04   5.21E-06   5.78E-10   2.02E-11   9.23E-12
  -173    -172    6.45E-02   5.27E-04   5.21E-06   5.78E-10   2.02E-11   9.23E-12
  -172    -171    6.45E-02   5.27E-04   5.21E-06   5.78E-10   2.02E-11   9.23E-12
  -171    -170    6.45E-02   5.27E-04   5.21E-06   5.78E-10   2.02E-11   9.23E-12
  -170    -169    1.40E-01   2.13E-03   1.69E-05   3.75E-10   3.80E-11   2.70E-11
  -169    -168    1.40E-01   2.13E-03   1.69E-05   3.75E-10   3.80E-11   2.70E-11
  -168    -167    1.40E-01   2.13E-03   1.69E-05   3.75E-10   3.80E-11   2.70E-11
  -167    -166    1.40E-01   2.13E-03   1.69E-05   3.75E-10   3.80E-11   2.70E-11
  -166    -165    1.40E-01   2.13E-03   1.69E-05   3.75E-10   3.80E-11   2.70E-11
  -165    -164    1.40E-01   2.13E-03   1.69E-05   3.75E-10   3.80E-11   2.70E-11
  -164    -163    1.40E-01   2.13E-03   1.69E-05   3.75E-10   3.80E-11   2.70E-11
  -163    -162    1.40E-01   2.13E-03   1.69E-05   3.75E-10   3.80E-11   2.70E-11
  -162    -161    1.40E-01   2.13E-03   1.69E-05   3.75E-10   3.80E-11   2.70E-11
  -161    -160    1.40E-01   2.13E-03   1.69E-05   3.75E-10   3.80E-11   2.70E-11
  -160    -159    1.26E-01   1.98E-03   1.42E-05   3.04E-10   2.46E-11   1.78E-11
  -159    -158    1.26E-01   1.98E-03   1.42E-05   3.04E-10   2.46E-11   1.78E-11
  -158    -157    1.26E-01   1.98E-03   1.42E-05   3.04E-10   2.46E-11   1.78E-11
  -157    -156    1.26E-01   1.98E-03   1.42E-05   3.04E-10   2.46E-11   1.78E-11
  -156    -155    1.26E-01   1.98E-03   1.42E-05   3.04E-10   2.46E-11   1.78E-11
  -155    -154    1.26E-01   1.98E-03   1.42E-05   3.04E-10   2.46E-11   1.78E-11
  -154    -153    1.26E-01   1.98E-03   1.42E-05   3.04E-10   2.46E-11   1.78E-11
  -153    -152    1.26E-01   1.98E-03   1.42E-05   3.04E-10   2.46E-11   1.78E-11
  -152    -151    1.26E-01   1.98E-03   1.42E-05   3.04E-10   2.46E-11   1.78E-11
  -151    -150    1.26E-01   1.98E-03   1.42E-05   3.04E-10   2.46E-11   1.78E-11
  -150    -149    1.27E-01   1.96E-03   1.56E-05   2.80E-10   2.26E-11   1.68E-11
  -149    -148    1.27E-01   1.96E-03   1.56E-05   2.80E-10   2.26E-11   1.68E-11
  -148    -147    1.27E-01   1.96E-03   1.56E-05   2.80E-10   2.26E-11   1.68E-11
  -147    -146    1.27E-01   1.96E-03   1.56E-05   2.80E-10   2.26E-11   1.68E-11
  -146    -145    1.27E-01   1.96E-03   1.56E-05   2.80E-10   2.26E-11   1.68E-11
  -145    -144    1.27E-01   1.96E-03   1.56E-05   2.80E-10   2.26E-11   1.68E-11
  -144    -143    1.27E-01   1.96E-03   1.56E-05   2.80E-10   2.26E-11   1.68E-11
  -143    -142    1.27E-01   1.96E-03   1.56E-05   2.80E-10   2.26E-11   1.68E-11
  -142    -141    1.27E-01   1.96E-03   1.56E-05   2.80E-10   2.26E-11   1.68E-11
  -141    -140    1.27E-01   1.96E-03   1.56E-05   2.80E-10   2.26E-11   1.68E-11
  -140    -139    1.28E-01   2.06E-03   1.52E-05   3.72E-10   2.16E-11   1.53E-11
  -139    -138    1.28E-01   2.06E-03   1.52E-05   3.72E-10   2.16E-11   1.53E-11
  -138    -137    1.28E-01   2.06E-03   1.52E-05   3.72E-10   2.16E-11   1.53E-11
  -137    -136    1.28E-01   2.06E-03   1.52E-05   3.72E-10   2.16E-11   1.53E-11
  -136    -135    1.28E-01   2.06E-03   1.52E-05   3.72E-10   2.16E-11   1.53E-11
  -135    -134    1.28E-01   2.06E-03   1.52E-05   3.72E-10   2.16E-11   1.53E-11
  -134    -133    1.28E-01   2.06E-03   1.52E-05   3.72E-10   2.16E-11   1.53E-11
  -133    -132    1.28E-01   2.06E-03   1.52E-05   3.72E-10   2.16E-11   1.53E-11
  -132    -131    1.28E-01   2.06E-03   1.52E-05   3.72E-10   2.16E-11   1.53E-11
  -131    -130    1.28E-01   2.06E-03   1.52E-05   3.72E-10   2.16E-11   1.53E-11
  -130    -129    1.44E-01   2.26E-03   1.61E-05   8.29E-10   3.48E-11   1.74E-11
  -129    -128    1.44E-01   2.26E-03   1.61E-05   8.29E-10   3.48E-11   1.74E-11
  -128    -127    1.44E-01   2.26E-03   1.61E-05   8.29E-10   3.48E-11   1.74E-11
  -127    -126    1.44E-01   2.26E-03   1.61E-05   8.29E-10   3.48E-11   1.74E-11
  -126    -125    1.44E-01   2.26E-03   1.61E-05   8.29E-10   3.48E-11   1.74E-11
  -125    -124    1.44E-01   2.26E-03   1.61E-05   8.29E-10   3.48E-11   1.74E-11
  -124    -123    1.44E-01   2.26E-03   1.61E-05   8.29E-10   3.48E-11   1.74E-11
  -123    -122    1.44E-01   2.26E-03   1.61E-05   8.29E-10   3.48E-11   1.74E-11
  -122    -121    1.44E-01   2.26E-03   1.61E-05   8.29E-10   3.48E-11   1.74E-11
  -121    -120    1.44E-01   2.26E-03   1.61E-05   8.29E-10   3.48E-11   1.74E-11
  -120    -119    1.82E-01   2.77E-03   2.01E-05   1.71E-09   5.27E-11   2.16E-11
  -119    -118    1.82E-01   2.77E-03   2.01E-05   1.71E-09   5.27E-11   2.16E-11
  -118    -117    1.82E-01   2.77E-03   2.01E-05   1.71E-09   5.27E-11   2.16E-11
  -117    -116    1.82E-01   2.77E-03   2.01E-05   1.71E-09   5.27E-11   2.16E-11
  -116    -115    1.82E-01   2.77E-03   2.01E-05   1.71E-09   5.27E-11   2.16E-11
  -115    -114    1.82E-01   2.77E-03   2.01E-05   1.71E-09   5.27E-11   2.16E-11
  -114    -113    1.82E-01   2.77E-03   2.01E-05   1.71E-09   5.27E-11   2.16E-11
  -113    -112    1.82E-01   2.77E-03   2.01E-05   1.71E-09   5.27E-11   2.16E-11
  -112    -111    1.82E-01   2.77E-03   2.01E-05   1.71E-09   5.27E-11   2.16E-11
  -111    -110    1.82E-01   2.77E-03   2.01E-05   1.71E-09   5.27E-11   2.16E-11
  -110    -109    2.83E-01   4.13E-03   3.35E-05   3.27E-09   9.28E-11   4.27E-11
  -109    -108    2.83E-01   4.13E-03   3.35E-05   3.27E-09   9.28E-11   4.27E-11
  -108    -107    2.83E-01   4.13E-03   3.35E-05   3.27E-09   9.28E-11   4.27E-11
  -107    -106    2.83E-01   4.13E-03   3.35E-05   3.27E-09   9.28E-11   4.27E-11
  -106    -105    2.83E-01   4.13E-03   3.35E-05   3.27E-09   9.28E-11   4.27E-11
  -105    -104    2.83E-01   4.13E-03   3.35E-05   3.27E-09   9.28E-11   4.27E-11
  -104    -103    2.83E-01   4.13E-03   3.35E-05   3.27E-09   9.28E-11   4.27E-11
  -103    -102    2.83E-01   4.13E-03   3.35E-05   3.27E-09   9.28E-11   4.27E-11
  -102    -101    2.83E-01   4.13E-03   3.35E-05   3.27E-09   9.28E-11   4.27E-11
  -101    -100    2.83E-01   4.13E-03   3.35E-05   3.27E-09   9.28E-11   4.27E-11
  -100     -99    5.21E-01   6.63E-03   5.28E-05   6.26E-09   1.69E-10   7.58E-11
   -99     -98    5.21E-01   6.63E-03   5.28E-05   6.26E-09   1.69E-10   7.58E-11
   -98     -97    5.21E-01   6.63E-03   5.28E-05   6.26E-09   1.69E-10   7.58E-11
   -97     -96    5.21E-01   6.63E-03   5.28E-05   6.26E-09   1.69E-10   7.58E-11
   -96     -95    5.21E-01   6.63E-03   5.28E-05   6.26E-09   1.69E-10   7.58E-11
   -95     -94    5.21E-01   6.63E-03   5.28E-05   6.26E-09   1.69E-10   7.58E-11
   -94     -93    5.21E-01   6.63E-03   5.28E-05   6.26E-09   1.69E-10   7.58E-11
   -93     -92    5.21E-01   6.63E-03   5.28E-05   6.26E-09   1.69E-10   7.58E-11
   -92     -91    5.21E-01   6.63E-03   5.28E-05   6.26E-09   1.69E-10   7.58E-11
   -91     -90    5.21E-01   6.63E-03   5.28E-05   6.26E-09   1.69E-10   7.58E-11
   -90     -89    3.13E+00   2.06E-02   1.21E-04   1.54E-08   8.35E-10   3.93E-10
   -89     -88    3.13E+00   2.06E-02   1.21E-04   1.54E-08   8.35E-10   3.93E-10
   -88     -87    3.13E+00   2.06E-02   1.21E-04   1.54E-08   8.35E-10   3.93E-10
   -87     -86    3.13E+00   2.06E-02   1.21E-04   1.54E-08   8.35E-10   3.93E-10
   -86     -85    3.13E+00   2.06E-02   1.21E-04   1.54E-08   8.35E-10   3.93E-10
   -85     -84    3.13E+00   2.06E-02   1.21E-04   1.54E-08   8.35E-10   3.93E-10
   -84     -83    3.13E+00   2.06E-02   1.21E-04   1.54E-08   8.35E-10   3.93E-10
   -83     -82    3.13E+00   2.06E-02   1.21E-04   1.54E-08   8.35E-10   3.93E-10
   -82     -81    3.13E+00   2.06E-02   1.21E-04   1.54E-08   8.35E-10   3.93E-10
   -81     -80    3.13E+00   2.06E-02   1.21E-04   1.54E-08   8.35E-10   3.93E-10
   -80     -79    9.72E+00   6.79E-02   3.93E-04   3.75E-08   1.98E-09   9.74E-10
   -79     -78    9.72E+00   6.79E-02   3.93E-04   3.75E-08   1.98E-09   9.74E-10
   -78     -77    9.72E+00   6.79E-02   3.93E-04   3.75E-08   1.98E-09   9.74E-10
   -77     -76    9.72E+00   6.79E-02   3.93E-04   3.75E-08   1.98E-09   9.74E-10
   -76     -75    9.72E+00   6.79E-02   3.93E-04   3.75E-08   1.98E-09   9.74E-10
   -75     -74    9.72E+00   6.79E-02   3.93E-04   3.75E-08   1.98E-09   9.74E-10
   -74     -73    9.72E+00   6.79E-02   3.93E-04   3.75E-08   1.98E-09   9.74E-10
   -73     -72    9.72E+00   6.79E-02   3.93E-04   3.75E-08   1.98E-09   9.74E-10
   -72     -71    9.72E+00   6.79E-02   3.93E-04   3.75E-08   1.98E-09   9.74E-10
   -71     -70    9.72E+00   6.79E-02   3.93E-04   3.75E-08   1.98E-09   9.74E-10
   -70     -69    1.42E+01   7.87E-02   3.87E-04   4.40E-08   4.01E-09   1.87E-09
   -69     -68    1.42E+01   7.87E-02   3.87E-04   4.40E-08   4.01E-09   1.87E-09
   -68     -67    1.42E+01   7.87E-02   3.87E-04   4.40E-08   4.01E-09   1.87E-09
   -67     -66    1.42E+01   7.87E-02   3.87E-04   4.40E-08   4.01E-09   1.87E-09
   -66     -65    1.42E+01   7.87E-02   3.87E-04   4.40E-08   4.01E-09   1.87E-09
   -65     -64    1.42E+01   7.87E-02   3.87E-04   4.40E-08   4.01E-09   1.87E-09
   -64     -63    1.42E+01   7.87E-02   3.87E-04   4.40E-08   4.01E-09   1.87E-09
   -63     -62    1.42E+01   7.87E-02   3.87E-04   4.40E-08   4.01E-09   1.87E-09
   -62     -61    1.42E+01   7.87E-02   3.87E-04   4.40E-08   4.01E-09   1.87E-09
   -61     -60    1.42E+01   7.87E-02   3.87E-04   4.40E-08   4.01E-09   1.87E-09
   -60     -59    1.45E+01   7.59E-02   3.27E-04   3.26E-08   3.64E-09   1.70E-09
   -59     -58    1.45E+01   7.59E-02   3.27E-04   3.26E-08   3.64E-09   1.70E-09
   -58     -57    1.45E+01   7.59E-02   3.27E-04   3.26E-08   3.64E-09   1.70E-09
   -57     -56    1.45E+01   7.59E-02   3.27E-04   3.26E-08   3.64E-09   1.70E-09
   -56     -55    1.45E+01   7.59E-02   3.27E-04   3.26E-08   3.64E-09   1.70E-09
   -55     -54    1.45E+01   7.59E-02   3.27E-04   3.26E-08   3.64E-09   1.70E-09
   -54     -53    1.45E+01   7.59E-02   3.27E-04   3.26E-08   3.64E-09   1.70E-09
   -53     -52    1.45E+01   7.59E-02   3.27E-04   3.26E-08   3.64E-09   1.70E-09
   -52     -51    1.45E+01   7.59E-02   3.27E-04   3.26E-08   3.64E-09   1.70E-09
   -51     -50    1.45E+01   7.59E-02   3.27E-04   3.26E-08   3.64E-09   1.70E-09
   -50     -49    1.61E+01   9.01E-02   3.96E-04   3.51E-08   4.15E-09   1.90E-09
   -49     -48    1.61E+01   9.01E-02   3.96E-04   3.51E-08   4.15E-09   1.90E-09
   -48     -47    1.61E+01   9.01E-02   3.96E-04   3.51E-08   4.15E-09   1.90E-09
   -47     -46    1.61E+01   9.01E-02   3.96E-04   3.51E-08   4.15E-09   1.90E-09
   -46     -45    1.61E+01   9.01E-02   3.96E-04   3.51E-08   4.15E-09   1.90E-09
   -45     -44    1.61E+01   9.01E-02   3.96E-04   3.51E-08   4.15E-09   1.90E-09
   -44     -43    1.61E+01   9.01E-02   3.96E-04   3.51E-08   4.15E-09   1.90E-09
   -43     -42    1.61E+01   9.01E-02   3.96E-04   3.51E-08   4.15E-09   1.90E-09
   -42     -41    1.61E+01   9.01E-02   3.96E-04   3.51E-08   4.15E-09   1.90E-09
   -41     -40    1.61E+01   9.01E-02   3.96E-04   3.51E-08   4.15E-09   1.90E-09
   -40     -39    2.05E+01   8.42E-02   2.48E-04   4.02E-08   4.52E-09   1.99E-09
   -39     -38    2.05E+01   8.42E-02   2.48E-04   4.02E-08   4.52E-09   1.99E-09
   -38     -37    2.05E+01   8.42E-02   2.48E-04   4.02E-08   4.52E-09   1.99E-09
   -37     -36    2.05E+01   8.42E-02   2.48E-04   4.02E-08   4.52E-09   1.99E-09
   -36     -35    2.05E+01   8.42E-02   2.48E-04   4.02E-08   4.52E-09   1.99E-09
   -35     -34    2.05E+01   8.42E-02   2.48E-04   4.02E-08   4.52E-09   1.99E-09
   -34     -33    2.05E+01   8.42E-02   2.48E-04   4.02E-08   4.52E-09   1.99E-09
   -33     -32    2.05E+01   8.42E-02   2.48E-04   4.02E-08   4.52E-09   1.99E-09
   -32     -31    2.05E+01   8.42E-02   2.48E-04   4.02E-08   4.52E-09   1.99E-09
   -31     -30    2.05E+01   8.42E-02   2.48E-04   4.02E-08   4.52E-09   1.99E-09
   -30     -29    2.05E+01   8.93E-02   2.72E-04   3.87E-08   4.69E-09   2.17E-09
   -29     -28    2.05E+01   8.93E-02   2.72E-04   3.87E-08   4.69E-09   2.17E-09
   -28     -27    2.05E+01   8.93E-02   2.72E-04   3.87E-08   4.69E-09   2.17E-09
   -27     -26    2.05E+01   8.93E-02   2.72E-04   3.87E-08   4.69E-09   2.17E-09
   -26     -25    2.05E+01   8.93E-02   2.72E-04   3.87E-08   4.69E-09   2.17E-09
   -25     -24    2.05E+01   8.93E-02   2.72E-04   3.87E-08   4.69E-09   2.17E-09
   -24     -23    2.05E+01   8.93E-02   2.72E-04   3.87E-08   4.69E-09   2.17E-09
   -23     -22    2.05E+01   8.93E-02   2.72E-04   3.87E-08   4.69E-09   2.17E-09
   -22     -21    2.05E+01   8.93E-02   2.72E-04   3.87E-08   4.69E-09   2.17E-09
   -21     -20    2.05E+01   8.93E-02   2.72E-04   3.87E-08   4.69E-09   2.17E-09
   -20     -19    1.31E+01   5.25E-02   2.68E-04   3.39E-08   4.77E-09   2.23E-09
   -19     -18    1.31E+01   5.25E-02   2.68E-04   3.39E-08   4.77E-09   2.23E-09
   -18     -17    1.31E+01   5.25E-02   2.68E-04   3.39E-08   4.77E-09   2.23E-09
   -17     -16    1.31E+01   5.25E-02   2.68E-04   3.39E-08   4.77E-09   2.23E-09
   -16     -15    1.31E+01   5.25E-02   2.68E-04   3.39E-08   4.77E-09   2.23E-09
   -15     -14    1.31E+01   5.25E-02   2.68E-04   3.39E-08   4.77E-09   2.23E-09
   -14     -13    1.31E+01   5.25E-02   2.68E-04   3.39E-08   4.77E-09   2.23E-09
   -13     -12    1.31E+01   5.25E-02   2.68E-04   3.39E-08   4.77E-09   2.23E-09
   -12     -11    1.31E+01   5.25E-02   2.68E-04   3.39E-08   4.77E-09   2.23E-09
   -11     -10    1.31E+01   5.25E-02   2.68E-04   3.39E-08   4.77E-09   2.23E-09
   -10      -9    1.24E+00   3.41E-03   2.76E-06   1.38E-09   2.75E-10   4.30E-11
    -9      -8    1.24E+00   3.41E-03   2.76E-06   1.38E-09   2.75E-10   4.30E-11
    -8      -7    1.24E+00   3.41E-03   2.76E-06   1.38E-09   2.75E-10   4.30E-11
    -7      -6    1.24E+00   3.41E-03   2.76E-06   1.38E-09   2.75E-10   4.30E-11
    -6      -5    1.24E+00   3.41E-03   2.76E-06   1.38E-09   2.75E-10   4.30E-11
    -5      -4    1.24E+00   3.41E-03   2.76E-06   1.38E-09   2.75E-10   4.30E-11
    -4      -3    1.24E+00   3.41E-03   2.76E-06   1.38E-09   2.75E-10   4.30E-11
    -3      -2    1.24E+00   3.41E-03   2.76E-06   1.38E-09   2.75E-10   4.30E-11
    -2      -1    1.24E+00   3.41E-03   2.76E-06   1.38E-09   2.75E-10   4.30E-11
    -1       0    1.24E+00   3.41E-03   2.76E-06   1.38E-09   2.75E-10   4.30E-11
     0       1    1.24E+00   3.41E-03   2.76E-06   1.38E-09   2.75E-10   4.30E-11
     1       2    1.24E+00   3.41E-03   2.76E-06   1.38E-09   2.75E-10   4.30E-11
     2       3    1.24E+00   3.41E-03   2.76E-06   1.38E-09   2.75E-10   4.30E-11
     3       4    1.24E+00   3.41E-03   2.76E-06   1.38E-09   2.75E-10   4.30E-11
     4       5    1.24E+00   3.41E-03   2.76E-06   1.38E-09   2.75E-10   4.30E-11
     5       6    1.24E+00   3.41E-03   2.76E-06   1.38E-09   2.75E-10   4.30E-11
     6       7    1.24E+00   3.41E-03   2.76E-06   1.38E-09   2.75E-10   4.30E-11
     7       8    1.24E+00   3.41E-03   2.76E-06   1.38E-09   2.75E-10   4.30E-11
     8       9    1.24E+00   3.41E-03   2.76E-06   1.38E-09   2.75E-10   4.30E-11
     9      10    1.24E+00   3.41E-03   2.76E-06   1.38E-09   2.75E-10   4.30E-11
    10      11    1.31E+01   5.25E-02   2.68E-04   3.39E-08   4.77E-09   2.23E-09
    11      12    1.31E+01   5.25E-02   2.68E-04   3.39E-08   4.77E-09   2.23E-09
    12      13    1.31E+01   5.25E-02   2.68E-04   3.39E-08   4.77E-09   2.23E-09
    13      14    1.31E+01   5.25E-02   2.68E-04   3.39E-08   4.77E-09   2.23E-09
    14      15    1.31E+01   5.25E-02   2.68E-04   3.39E-08   4.77E-09   2.23E-09
    15      16    1.31E+01   5.25E-02   2.68E-04   3.39E-08   4.77E-09   2.23E-09
    16      17    1.31E+01   5.25E-02   2.68E-04   3.39E-08   4.77E-09   2.23E-09
    17      18    1.31E+01   5.25E-02   2.68E-04   3.39E-08   4.77E-09   2.23E-09
    18      19    1.31E+01   5.25E-02   2.68E-04   3.39E-08   4.77E-09   2.23E-09
    19      20    1.31E+01   5.25E-02   2.68E-04   3.39E-08   4.77E-09   2.23E-09
    20      21    2.05E+01   8.93E-02   2.72E-04   3.87E-08   4.69E-09   2.17E-09
    21      22    2.05E+01   8.93E-02   2.72E-04   3.87E-08   4.69E-09   2.17E-09
    22      23    2.05E+01   8.93E-02   2.72E-04   3.87E-08   4.69E-09   2.17E-09
    23      24    2.05E+01   8.93E-02   2.72E-04   3.87E-08   4.69E-09   2.17E-09
    24      25    2.05E+01   8.93E-02   2.72E-04   3.87E-08   4.69E-09   2.17E-09
    25      26    2.05E+01   8.93E-02   2.72E-04   3.87E-08   4.69E-09   2.17E-09
    26      27    2.05E+01   8.93E-02   2.72E-04   3.87E-08   4.69E-09   2.17E-09
    27      28    2.05E+01   8.93E-02   2.72E-04   3.87E-08   4.69E-09   2.17E-09
    28      29    2.05E+01   8.93E-02   2.72E-04   3.87E-08   4.69E-09   2.17E-09
    29      30    2.05E+01   8.93E-02   2.72E-04   3.87E-08   4.69E-09   2.17E-09
    30      31    2.05E+01   8.42E-02   2.48E-04   4.02E-08   4.52E-09   1.99E-09
    31      32    2.05E+01   8.42E-02   2.48E-04   4.02E-08   4.52E-09   1.99E-09
    32      33    2.05E+01   8.42E-02   2.48E-04   4.02E-08   4.52E-09   1.99E-09
    33      34    2.05E+01   8.42E-02   2.48E-04   4.02E-08   4.52E-09   1.99E-09
    34      35    2.05E+01   8.42E-02   2.48E-04   4.02E-08   4.52E-09   1.99E-09
    35      36    2.05E+01   8.42E-02   2.48E-04   4.02E-08   4.52E-09   1.99E-09
    36      37    2.05E+01   8.42E-02   2.48E-04   4.02E-08   4.52E-09   1.99E-09
    37      38    2.05E+01   8.42E-02   2.48E-04   4.02E-08   4.52E-09   1.99E-09
    38      39    2.05E+01   8.42E-02   2.48E-04   4.02E-08   4.52E-09   1.99E-09
    39      40    2.05E+01   8.42E-02   2.48E-04   4.02E-08   4.52E-09   1.99E-09
    40      41    1.61E+01   9.01E-02   3.96E-04   3.51E-08   4.15E-09   1.90E-09
    41      42    1.61E+01   9.01E-02   3.96E-04   3.51E-08   4.15E-09   1.90E-09
    42      43    1.61E+01   9.01E-02   3.96E-04   3.51E-08   4.15E-09   1.90E-09
    43      44    1.61E+01   9.01E-02   3.96E-04   3.51E-08   4.15E-09   1.90E-09
    44      45    1.61E+01   9.01E-02   3.96E-04   3.51E-08   4.15E-09   1.90E-09
    45      46    1.61E+01   9.01E-02   3.96E-04   3.51E-08   4.15E-09   1.90E-09
    46      47    1.61E+01   9.01E-02   3.96E-04   3.51E-08   4.15E-09   1.90E-09
    47      48    1.61E+01   9.01E-02   3.96E-04   3.51E-08   4.15E-09   1.90E-09
    48      49    1.61E+01   9.01E-02   3.96E-04   3.51E-08   4.15E-09   1.90E-09
    49      50    1.61E+01   9.01E-02   3.96E-04   3.51E-08   4.15E-09   1.90E-09
    50      51    1.45E+01   7.59E-02   3.27E-04   3.26E-08   3.64E-09   1.70E-09
    51      52    1.45E+01   7.59E-02   3.27E-04   3.26E-08   3.64E-09   1.70E-09
    52      53    1.45E+01   7.59E-02   3.27E-04   3.26E-08   3.64E-09   1.70E-09
    53      54    1.45E+01   7.59E-02   3.27E-04   3.26E-08   3.64E-09   1.70E-09
    54      55    1.45E+01   7.59E-02   3.27E-04   3.26E-08   3.64E-09   1.70E-09
    55      56    1.45E+01   7.59E-02   3.27E-04   3.26E-08   3.64E-09   1.70E-09
    56      57    1.45E+01   7.59E-02   3.27E-04   3.26E-08   3.64E-09   1.70E-09
    57      58    1.45E+01   7.59E-02   3.27E-04   3.26E-08   3.64E-09   1.70E-09
    58      59    1.45E+01   7.59E-02   3.27E-04   3.26E-08   3.64E-09   1.70E-09
    59      60    1.45E+01   7.59E-02   3.27E-04   3.26E-08   3.64E-09   1.70E-09
    60      61    1.42E+01   7.87E-02   3.87E-04   4.40E-08   4.01E-09   1.87E-09
    61      62    1.42E+01   7.87E-02   3.87E-04   4.40E-08   4.01E-09   1.87E-09
    62      63    1.42E+01   7.87E-02   3.87E-04   4.40E-08   4.01E-09   1.87E-09
    63      64    1.42E+01   7.87E-02   3.87E-04   4.40E-08   4.01E-09   1.87E-09
    64      65    1.42E+01   7.87E-02   3.87E-04   4.40E-08   4.01E-09   1.87E-09
    65      66    1.42E+01   7.87E-02   3.87E-04   4.40E-08   4.01E-09   1.87E-09
    66      67    1.42E+01   7.87E-02   3.87E-04   4.40E-08   4.01E-09   1.87E-09
    67      68    1.42E+01   7.87E-02   3.87E-04   4.40E-08   4.01E-09   1.87E-09
    68      69    1.42E+01   7.87E-02   3.87E-04   4.40E-08   4.01E-09   1.87E-09
    69      70    1.42E+01   7.87E-02   3.87E-04   4.40E-08   4.01E-09   1.87E-09
    70      71    9.72E+00   6.79E-02   3.93E-04   3.75E-08   1.98E-09   9.74E-10
    71      72    9.72E+00   6.79E-02   3.93E-04   3.75E-08   1.98E-09   9.74E-10
    72      73    9.72E+00   6.79E-02   3.93E-04   3.75E-08   1.98E-09   9.74E-10
    73      74    9.72E+00   6.79E-02   3.93E-04   3.75E-08   1.98E-09   9.74E-10
    74      75    9.72E+00   6.79E-02   3.93E-04   3.75E-08   1.98E-09   9.74E-10
    75      76    9.72E+00   6.79E-02   3.93E-04   3.75E-08   1.98E-09   9.74E-10
    76      77    9.72E+00   6.79E-02   3.93E-04   3.75E-08   1.98E-09   9.74E-10
    77      78    9.72E+00   6.79E-02   3.93E-04   3.75E-08   1.98E-09   9.74E-10
    78      79    9.72E+00   6.79E-02   3.93E-04   3.75E-08   1.98E-09   9.74E-10
    79      80    9.72E+00   6.79E-02   3.93E-04   3.75E-08   1.98E-09   9.74E-10
    80      81    3.13E+00   2.06E-02   1.21E-04   1.54E-08   8.35E-10   3.93E-10
    81      82    3.13E+00   2.06E-02   1.21E-04   1.54E-08   8.35E-10   3.93E-10
    82      83    3.13E+00   2.06E-02   1.21E-04   1.54E-08   8.35E-10   3.93E-10
    83      84    3.13E+00   2.06E-02   1.21E-04   1.54E-08   8.35E-10   3.93E-10
    84      85    3.13E+00   2.06E-02   1.21E-04   1.54E-08   8.35E-10   3.93E-10
    85      86    3.13E+00   2.06E-02   1.21E-04   1.54E-08   8.35E-10   3.93E-10
    86      87    3.13E+00   2.06E-02   1.21E-04   1.54E-08   8.35E-10   3.93E-10
    87      88    3.13E+00   2.06E-02   1.21E-04   1.54E-08   8.35E-10   3.93E-10
    88      89    3.13E+00   2.06E-02   1.21E-04   1.54E-08   8.35E-10   3.93E-10
    89      90    3.13E+00   2.06E-02   1.21E-04   1.54E-08   8.35E-10   3.93E-10
    90      91    5.21E-01   6.63E-03   5.28E-05   6.26E-09   1.69E-10   7.58E-11
    91      92    5.21E-01   6.63E-03   5.28E-05   6.26E-09   1.69E-10   7.58E-11
    92      93    5.21E-01   6.63E-03   5.28E-05   6.26E-09   1.69E-10   7.58E-11
    93      94    5.21E-01   6.63E-03   5.28E-05   6.26E-09   1.69E-10   7.58E-11
    94      95    5.21E-01   6.63E-03   5.28E-05   6.26E-09   1.69E-10   7.58E-11
    95      96    5.21E-01   6.63E-03   5.28E-05   6.26E-09   1.69E-10   7.58E-11
    96      97    5.21E-01   6.63E-03   5.28E-05   6.26E-09   1.69E-10   7.58E-11
    97      98    5.21E-01   6.63E-03   5.28E-05   6.26E-09   1.69E-10   7.58E-11
    98      99    5.21E-01   6.63E-03   5.28E-05   6.26E-09   1.69E-10   7.58E-11
    99     100    5.21E-01   6.63E-03   5.28E-05   6.26E-09   1.69E-10   7.58E-11
   100     101    2.83E-01   4.13E-03   3.35E-05   3.27E-09   9.28E-11   4.27E-11
   101     102    2.83E-01   4.13E-03   3.35E-05   3.27E-09   9.28E-11   4.27E-11
   102     103    2.83E-01   4.13E-03   3.35E-05   3.27E-09   9.28E-11   4.27E-11
   103     104    2.83E-01   4.13E-03   3.35E-05   3.27E-09   9.28E-11   4.27E-11
   104     105    2.83E-01   4.13E-03   3.35E-05   3.27E-09   9.28E-11   4.27E-11
   105     106    2.83E-01   4.13E-03   3.35E-05   3.27E-09   9.28E-11   4.27E-11
   106     107    2.83E-01   4.13E-03   3.35E-05   3.27E-09   9.28E-11   4.27E-11
   107     108    2.83E-01   4.13E-03   3.35E-05   3.27E-09   9.28E-11   4.27E-11
   108     109    2.83E-01   4.13E-03   3.35E-05   3.27E-09   9.28E-11   4.27E-11
   109     110    2.83E-01   4.13E-03   3.35E-05   3.27E-09   9.28E-11   4.27E-11
   110     111    1.82E-01   2.77E-03   2.01E-05   1.71E-09   5.27E-11   2.16E-11
   111     112    1.82E-01   2.77E-03   2.01E-05   1.71E-09   5.27E-11   2.16E-11
   112     113    1.82E-01   2.77E-03   2.01E-05   1.71E-09   5.27E-11   2.16E-11
   113     114    1.82E-01   2.77E-03   2.01E-05   1.71E-09   5.27E-11   2.16E-11
   114     115    1.82E-01   2.77E-03   2.01E-05   1.71E-09   5.27E-11   2.16E-11
   115     116    1.82E-01   2.77E-03   2.01E-05   1.71E-09   5.27E-11   2.16E-11
   116     117    1.82E-01   2.77E-03   2.01E-05   1.71E-09   5.27E-11   2.16E-11
   117     118    1.82E-01   2.77E-03   2.01E-05   1.71E-09   5.27E-11   2.16E-11
   118     119    1.82E-01   2.77E-03   2.01E-05   1.71E-09   5.27E-11   2.16E-11
   119     120    1.82E-01   2.77E-03   2.01E-05   1.71E-09   5.27E-11   2.16E-11
   120     121    1.44E-01   2.26E-03   1.61E-05   8.29E-10   3.48E-11   1.74E-11
   121     122    1.44E-01   2.26E-03   1.61E-05   8.29E-10   3.48E-11   1.74E-11
   122     123    1.44E-01   2.26E-03   1.61E-05   8.29E-10   3.48E-11   1.74E-11
   123     124    1.44E-01   2.26E-03   1.61E-05   8.29E-10   3.48E-11   1.74E-11
   124     125    1.44E-01   2.26E-03   1.61E-05   8.29E-10   3.48E-11   1.74E-11
   125     126    1.44E-01   2.26E-03   1.61E-05   8.29E-10   3.48E-11   1.74E-11
   126     127    1.44E-01   2.26E-03   1.61E-05   8.29E-10   3.48E-11   1.74E-11
   127     128    1.44E-01   2.26E-03   1.61E-05   8.29E-10   3.48E-11   1.74E-11
   128     129    1.44E-01   2.26E-03   1.61E-05   8.29E-10   3.48E-11   1.74E-11
   129     130    1.44E-01   2.26E-03   1.61E-05   8.29E-10   3.48E-11   1.74E-11
   130     131    1.28E-01   2.06E-03   1.52E-05   3.72E-10   2.16E-11   1.53E-11
   131     132    1.28E-01   2.06E-03   1.52E-05   3.72E-10   2.16E-11   1.53E-11
   132     133    1.28E-01   2.06E-03   1.52E-05   3.72E-10   2.16E-11   1.53E-11
   133     134    1.28E-01   2.06E-03   1.52E-05   3.72E-10   2.16E-11   1.53E-11
   134     135    1.28E-01   2.06E-03   1.52E-05   3.72E-10   2.16E-11   1.53E-11
   135     136    1.28E-01   2.06E-03   1.52E-05   3.72E-10   2.16E-11   1.53E-11
   136     137    1.28E-01   2.06E-03   1.52E-05   3.72E-10   2.16E-11   1.53E-11
   137     138    1.28E-01   2.06E-03   1.52E-05   3.72E-10   2.16E-11   1.53E-11
   138     139    1.28E-01   2.06E-03   1.52E-05   3.72E-10   2.16E-11   1.53E-11
   139     140    1.28E-01   2.06E-03   1.52E-05   3.72E-10   2.16E-11   1.53E-11
   140     141    1.27E-01   1.96E-03   1.56E-05   2.80E-10   2.26E-11   1.68E-11
   141     142    1.27E-01   1.96E-03   1.56E-05   2.80E-10   2.26E-11   1.68E-11
   142     143    1.27E-01   1.96E-03   1.56E-05   2.80E-10   2.26E-11   1.68E-11
   143     144    1.27E-01   1.96E-03   1.56E-05   2.80E-10   2.26E-11   1.68E-11
   144     145    1.27E-01   1.96E-03   1.56E-05   2.80E-10   2.26E-11   1.68E-11
   145     146    1.27E-01   1.96E-03   1.56E-05   2.80E-10   2.26E-11   1.68E-11
   146     147    1.27E-01   1.96E-03   1.56E-05   2.80E-10   2.26E-11   1.68E-11
   147     148    1.27E-01   1.96E-03   1.56E-05   2.80E-10   2.26E-11   1.68E-11
   148     149    1.27E-01   1.96E-03   1.56E-05   2.80E-10   2.26E-11   1.68E-11
   149     150    1.27E-01   1.96E-03   1.56E-05   2.80E-10   2.26E-11   1.68E-11
   150     151    1.26E-01   1.98E-03   1.42E-05   3.04E-10   2.46E-11   1.78E-11
   151     152    1.26E-01   1.98E-03   1.42E-05   3.04E-10   2.46E-11   1.78E-11
   152     153    1.26E-01   1.98E-03   1.42E-05   3.04E-10   2.46E-11   1.78E-11
   153     154    1.26E-01   1.98E-03   1.42E-05   3.04E-10   2.46E-11   1.78E-11
   154     155    1.26E-01   1.98E-03   1.42E-05   3.04E-10   2.46E-11   1.78E-11
   155     156    1.26E-01   1.98E-03   1.42E-05   3.04E-10   2.46E-11   1.78E-11
   156     157    1.26E-01   1.98E-03   1.42E-05   3.04E-10   2.46E-11   1.78E-11
   157     158    1.26E-01   1.98E-03   1.42E-05   3.04E-10   2.46E-11   1.78E-11
   158     159    1.26E-01   1.98E-03   1.42E-05   3.04E-10   2.46E-11   1.78E-11
   159     160    1.26E-01   1.98E-03   1.42E-05   3.04E-10   2.46E-11   1.78E-11
   160     161    1.40E-01   2.13E-03   1.69E-05   3.75E-10   3.80E-11   2.70E-11
   161     162    1.40E-01   2.13E-03   1.69E-05   3.75E-10   3.80E-11   2.70E-11
   162     163    1.40E-01   2.13E-03   1.69E-05   3.75E-10   3.80E-11   2.70E-11
   163     164    1.40E-01   2.13E-03   1.69E-05   3.75E-10   3.80E-11   2.70E-11
   164     165    1.40E-01   2.13E-03   1.69E-05   3.75E-10   3.80E-11   2.70E-11
   165     166    1.40E-01   2.13E-03   1.69E-05   3.75E-10   3.80E-11   2.70E-11
   166     167    1.40E-01   2.13E-03   1.69E-05   3.75E-10   3.80E-11   2.70E-11
   167     168    1.40E-01   2.13E-03   1.69E-05   3.75E-10   3.80E-11   2.70E-11
   168     169    1.40E-01   2.13E-03   1.69E-05   3.75E-10   3.80E-11   2.70E-11
   169     170    1.40E-01   2.13E-03   1.69E-05   3.75E-10   3.80E-11   2.70E-11
   170     171    6.45E-02   5.27E-04   5.21E-06   5.78E-10   2.02E-11   9.23E-12
   171     172    6.45E-02   5.27E-04   5.21E-06   5.78E-10   2.02E-11   9.23E-12
   172     173    6.45E-02   5.27E-04   5.21E-06   5.78E-10   2.02E-11   9.23E-12
   173     174    6.45E-02   5.27E-04   5.21E-06   5.78E-10   2.02E-11   9.23E-12
   174     175    6.45E-02   5.27E-04   5.21E-06   5.78E-10   2.02E-11   9.23E-12
   175     176    6.45E-02   5.27E-04   5.21E-06   5.78E-10   2.02E-11   9.23E-12
   176     177    6.45E-02   5.27E-04   5.21E-06   5.78E-10   2.02E-11   9.23E-12
   177     178    6.45E-02   5.27E-04   5.21E-06   5.78E-10   2.02E-11   9.23E-12
   178     179    6.45E-02   5.27E-04   5.21E-06   5.78E-10   2.02E-11   9.23E-12
   179     180    6.45E-02   5.27E-04   5.21E-06   5.78E-10   2.02E-11   9.23E-12
